<?xml version="1.0" encoding="UTF-8"?>
<testsuite xmlns:xsi="http://www.w3.org/2001/XMLSchema-instance" xsi:noNamespaceSchemaLocation="https://maven.apache.org/surefire/maven-surefire-plugin/xsd/surefire-test-report.xsd" name="com.ms1.gestionUsuarios.GestionUsuariosApplicationTests" time="11.658" tests="55" errors="6" skipped="0" failures="14">
  <properties>
    <property name="java.specification.version" value="20"/>
    <property name="sun.jnu.encoding" value="UTF-8"/>
    <property name="java.class.path" value="/home/in4p/git/G12-FIJIS/MS2-GestionHorarios/target/test-classes:/home/in4p/git/G12-FIJIS/MS2-GestionHorarios/target/classes:/home/in4p/.m2/repository/org/springframework/boot/spring-boot-starter/2.5.5/spring-boot-starter-2.5.5.jar:/home/in4p/.m2/repository/org/springframework/boot/spring-boot/3.0.6/spring-boot-3.0.6.jar:/home/in4p/.m2/repository/org/springframework/spring-context/6.0.8/spring-context-6.0.8.jar:/home/in4p/.m2/repository/org/springframework/boot/spring-boot-autoconfigure/3.0.6/spring-boot-autoconfigure-3.0.6.jar:/home/in4p/.m2/repository/org/springframework/boot/spring-boot-starter-logging/3.0.6/spring-boot-starter-logging-3.0.6.jar:/home/in4p/.m2/repository/ch/qos/logback/logback-classic/1.4.7/logback-classic-1.4.7.jar:/home/in4p/.m2/repository/ch/qos/logback/logback-core/1.4.7/logback-core-1.4.7.jar:/home/in4p/.m2/repository/org/apache/logging/log4j/log4j-to-slf4j/2.19.0/log4j-to-slf4j-2.19.0.jar:/home/in4p/.m2/repository/org/apache/logging/log4j/log4j-api/2.19.0/log4j-api-2.19.0.jar:/home/in4p/.m2/repository/org/slf4j/jul-to-slf4j/2.0.7/jul-to-slf4j-2.0.7.jar:/home/in4p/.m2/repository/jakarta/annotation/jakarta.annotation-api/2.1.1/jakarta.annotation-api-2.1.1.jar:/home/in4p/.m2/repository/org/springframework/spring-core/6.0.8/spring-core-6.0.8.jar:/home/in4p/.m2/repository/org/springframework/spring-jcl/6.0.8/spring-jcl-6.0.8.jar:/home/in4p/.m2/repository/org/yaml/snakeyaml/1.33/snakeyaml-1.33.jar:/home/in4p/.m2/repository/org/springframework/boot/spring-boot-starter-validation/3.0.6/spring-boot-starter-validation-3.0.6.jar:/home/in4p/.m2/repository/org/apache/tomcat/embed/tomcat-embed-el/10.1.8/tomcat-embed-el-10.1.8.jar:/home/in4p/.m2/repository/org/hibernate/validator/hibernate-validator/8.0.0.Final/hibernate-validator-8.0.0.Final.jar:/home/in4p/.m2/repository/jakarta/validation/jakarta.validation-api/3.0.2/jakarta.validation-api-3.0.2.jar:/home/in4p/.m2/repository/org/jboss/logging/jboss-logging/3.5.0.Final/jboss-logging-3.5.0.Final.jar:/home/in4p/.m2/repository/com/fasterxml/classmate/1.5.1/classmate-1.5.1.jar:/home/in4p/.m2/repository/org/springdoc/springdoc-openapi-starter-webmvc-ui/2.0.2/springdoc-openapi-starter-webmvc-ui-2.0.2.jar:/home/in4p/.m2/repository/org/springdoc/springdoc-openapi-starter-webmvc-api/2.0.2/springdoc-openapi-starter-webmvc-api-2.0.2.jar:/home/in4p/.m2/repository/org/springdoc/springdoc-openapi-starter-common/2.0.2/springdoc-openapi-starter-common-2.0.2.jar:/home/in4p/.m2/repository/io/swagger/core/v3/swagger-core-jakarta/2.2.7/swagger-core-jakarta-2.2.7.jar:/home/in4p/.m2/repository/org/apache/commons/commons-lang3/3.12.0/commons-lang3-3.12.0.jar:/home/in4p/.m2/repository/io/swagger/core/v3/swagger-annotations-jakarta/2.2.7/swagger-annotations-jakarta-2.2.7.jar:/home/in4p/.m2/repository/io/swagger/core/v3/swagger-models-jakarta/2.2.7/swagger-models-jakarta-2.2.7.jar:/home/in4p/.m2/repository/com/fasterxml/jackson/dataformat/jackson-dataformat-yaml/2.14.2/jackson-dataformat-yaml-2.14.2.jar:/home/in4p/.m2/repository/org/webjars/swagger-ui/4.15.5/swagger-ui-4.15.5.jar:/home/in4p/.m2/repository/org/webjars/webjars-locator-core/0.52/webjars-locator-core-0.52.jar:/home/in4p/.m2/repository/io/github/classgraph/classgraph/4.8.149/classgraph-4.8.149.jar:/home/in4p/.m2/repository/org/mockito/mockito-core/3.12.4/mockito-core-3.12.4.jar:/home/in4p/.m2/repository/net/bytebuddy/byte-buddy/1.12.23/byte-buddy-1.12.23.jar:/home/in4p/.m2/repository/net/bytebuddy/byte-buddy-agent/1.12.23/byte-buddy-agent-1.12.23.jar:/home/in4p/.m2/repository/org/objenesis/objenesis/3.2/objenesis-3.2.jar:/home/in4p/.m2/repository/org/springframework/boot/spring-boot-starter-data-jpa/3.0.6/spring-boot-starter-data-jpa-3.0.6.jar:/home/in4p/.m2/repository/org/springframework/boot/spring-boot-starter-aop/3.0.6/spring-boot-starter-aop-3.0.6.jar:/home/in4p/.m2/repository/org/springframework/spring-aop/6.0.8/spring-aop-6.0.8.jar:/home/in4p/.m2/repository/org/aspectj/aspectjweaver/1.9.19/aspectjweaver-1.9.19.jar:/home/in4p/.m2/repository/org/springframework/boot/spring-boot-starter-jdbc/3.0.6/spring-boot-starter-jdbc-3.0.6.jar:/home/in4p/.m2/repository/com/zaxxer/HikariCP/5.0.1/HikariCP-5.0.1.jar:/home/in4p/.m2/repository/org/springframework/spring-jdbc/6.0.8/spring-jdbc-6.0.8.jar:/home/in4p/.m2/repository/org/hibernate/orm/hibernate-core/6.1.7.Final/hibernate-core-6.1.7.Final.jar:/home/in4p/.m2/repository/jakarta/persistence/jakarta.persistence-api/3.1.0/jakarta.persistence-api-3.1.0.jar:/home/in4p/.m2/repository/jakarta/transaction/jakarta.transaction-api/2.0.1/jakarta.transaction-api-2.0.1.jar:/home/in4p/.m2/repository/org/hibernate/common/hibernate-commons-annotations/6.0.6.Final/hibernate-commons-annotations-6.0.6.Final.jar:/home/in4p/.m2/repository/org/jboss/jandex/2.4.2.Final/jandex-2.4.2.Final.jar:/home/in4p/.m2/repository/org/glassfish/jaxb/jaxb-runtime/4.0.2/jaxb-runtime-4.0.2.jar:/home/in4p/.m2/repository/org/glassfish/jaxb/jaxb-core/4.0.2/jaxb-core-4.0.2.jar:/home/in4p/.m2/repository/org/eclipse/angus/angus-activation/2.0.0/angus-activation-2.0.0.jar:/home/in4p/.m2/repository/org/glassfish/jaxb/txw2/4.0.2/txw2-4.0.2.jar:/home/in4p/.m2/repository/com/sun/istack/istack-commons-runtime/4.1.1/istack-commons-runtime-4.1.1.jar:/home/in4p/.m2/repository/jakarta/inject/jakarta.inject-api/2.0.0/jakarta.inject-api-2.0.0.jar:/home/in4p/.m2/repository/org/antlr/antlr4-runtime/4.10.1/antlr4-runtime-4.10.1.jar:/home/in4p/.m2/repository/org/springframework/data/spring-data-jpa/3.0.5/spring-data-jpa-3.0.5.jar:/home/in4p/.m2/repository/org/springframework/data/spring-data-commons/3.0.5/spring-data-commons-3.0.5.jar:/home/in4p/.m2/repository/org/springframework/spring-orm/6.0.8/spring-orm-6.0.8.jar:/home/in4p/.m2/repository/org/springframework/spring-aspects/6.0.8/spring-aspects-6.0.8.jar:/home/in4p/.m2/repository/org/springframework/boot/spring-boot-starter-oauth2-resource-server/3.0.6/spring-boot-starter-oauth2-resource-server-3.0.6.jar:/home/in4p/.m2/repository/org/springframework/security/spring-security-config/6.0.3/spring-security-config-6.0.3.jar:/home/in4p/.m2/repository/org/springframework/security/spring-security-core/6.0.3/spring-security-core-6.0.3.jar:/home/in4p/.m2/repository/org/springframework/security/spring-security-crypto/6.0.3/spring-security-crypto-6.0.3.jar:/home/in4p/.m2/repository/org/springframework/spring-expression/6.0.8/spring-expression-6.0.8.jar:/home/in4p/.m2/repository/io/micrometer/micrometer-observation/1.10.6/micrometer-observation-1.10.6.jar:/home/in4p/.m2/repository/io/micrometer/micrometer-commons/1.10.6/micrometer-commons-1.10.6.jar:/home/in4p/.m2/repository/org/springframework/security/spring-security-oauth2-resource-server/6.0.3/spring-security-oauth2-resource-server-6.0.3.jar:/home/in4p/.m2/repository/org/springframework/security/spring-security-oauth2-core/6.0.3/spring-security-oauth2-core-6.0.3.jar:/home/in4p/.m2/repository/org/springframework/security/spring-security-web/6.0.3/spring-security-web-6.0.3.jar:/home/in4p/.m2/repository/org/springframework/security/spring-security-oauth2-jose/6.0.3/spring-security-oauth2-jose-6.0.3.jar:/home/in4p/.m2/repository/com/nimbusds/nimbus-jose-jwt/9.24.4/nimbus-jose-jwt-9.24.4.jar:/home/in4p/.m2/repository/com/github/stephenc/jcip/jcip-annotations/1.0-1/jcip-annotations-1.0-1.jar:/home/in4p/.m2/repository/org/springframework/boot/spring-boot-starter-web/3.0.6/spring-boot-starter-web-3.0.6.jar:/home/in4p/.m2/repository/org/springframework/boot/spring-boot-starter-json/3.0.6/spring-boot-starter-json-3.0.6.jar:/home/in4p/.m2/repository/com/fasterxml/jackson/datatype/jackson-datatype-jdk8/2.14.2/jackson-datatype-jdk8-2.14.2.jar:/home/in4p/.m2/repository/com/fasterxml/jackson/datatype/jackson-datatype-jsr310/2.14.2/jackson-datatype-jsr310-2.14.2.jar:/home/in4p/.m2/repository/com/fasterxml/jackson/module/jackson-module-parameter-names/2.14.2/jackson-module-parameter-names-2.14.2.jar:/home/in4p/.m2/repository/org/springframework/spring-web/6.0.8/spring-web-6.0.8.jar:/home/in4p/.m2/repository/org/springframework/spring-webmvc/6.0.8/spring-webmvc-6.0.8.jar:/home/in4p/.m2/repository/org/springframework/boot/spring-boot-starter-test/3.0.0/spring-boot-starter-test-3.0.0.jar:/home/in4p/.m2/repository/org/springframework/boot/spring-boot-test/3.0.6/spring-boot-test-3.0.6.jar:/home/in4p/.m2/repository/org/springframework/boot/spring-boot-test-autoconfigure/3.0.6/spring-boot-test-autoconfigure-3.0.6.jar:/home/in4p/.m2/repository/com/jayway/jsonpath/json-path/2.7.0/json-path-2.7.0.jar:/home/in4p/.m2/repository/net/minidev/json-smart/2.4.10/json-smart-2.4.10.jar:/home/in4p/.m2/repository/net/minidev/accessors-smart/2.4.9/accessors-smart-2.4.9.jar:/home/in4p/.m2/repository/jakarta/xml/bind/jakarta.xml.bind-api/4.0.0/jakarta.xml.bind-api-4.0.0.jar:/home/in4p/.m2/repository/jakarta/activation/jakarta.activation-api/2.1.1/jakarta.activation-api-2.1.1.jar:/home/in4p/.m2/repository/org/assertj/assertj-core/3.23.1/assertj-core-3.23.1.jar:/home/in4p/.m2/repository/org/hamcrest/hamcrest/2.2/hamcrest-2.2.jar:/home/in4p/.m2/repository/org/junit/jupiter/junit-jupiter/5.9.2/junit-jupiter-5.9.2.jar:/home/in4p/.m2/repository/org/junit/jupiter/junit-jupiter-api/5.9.2/junit-jupiter-api-5.9.2.jar:/home/in4p/.m2/repository/org/opentest4j/opentest4j/1.2.0/opentest4j-1.2.0.jar:/home/in4p/.m2/repository/org/junit/platform/junit-platform-commons/1.9.2/junit-platform-commons-1.9.2.jar:/home/in4p/.m2/repository/org/apiguardian/apiguardian-api/1.1.2/apiguardian-api-1.1.2.jar:/home/in4p/.m2/repository/org/junit/jupiter/junit-jupiter-params/5.9.2/junit-jupiter-params-5.9.2.jar:/home/in4p/.m2/repository/org/junit/jupiter/junit-jupiter-engine/5.9.2/junit-jupiter-engine-5.9.2.jar:/home/in4p/.m2/repository/org/junit/platform/junit-platform-engine/1.9.2/junit-platform-engine-1.9.2.jar:/home/in4p/.m2/repository/org/mockito/mockito-junit-jupiter/4.8.1/mockito-junit-jupiter-4.8.1.jar:/home/in4p/.m2/repository/org/skyscreamer/jsonassert/1.5.1/jsonassert-1.5.1.jar:/home/in4p/.m2/repository/com/vaadin/external/google/android-json/0.0.20131108.vaadin1/android-json-0.0.20131108.vaadin1.jar:/home/in4p/.m2/repository/org/springframework/spring-test/6.0.8/spring-test-6.0.8.jar:/home/in4p/.m2/repository/org/xmlunit/xmlunit-core/2.9.1/xmlunit-core-2.9.1.jar:/home/in4p/.m2/repository/org/springframework/boot/spring-boot-starter-tomcat/3.0.6/spring-boot-starter-tomcat-3.0.6.jar:/home/in4p/.m2/repository/org/apache/tomcat/embed/tomcat-embed-core/10.1.8/tomcat-embed-core-10.1.8.jar:/home/in4p/.m2/repository/org/apache/tomcat/embed/tomcat-embed-websocket/10.1.8/tomcat-embed-websocket-10.1.8.jar:/home/in4p/.m2/repository/org/springframework/boot/spring-boot-devtools/3.0.6/spring-boot-devtools-3.0.6.jar:/home/in4p/.m2/repository/com/h2database/h2/2.1.214/h2-2.1.214.jar:/home/in4p/.m2/repository/org/jacoco/org.jacoco.agent/0.8.7/org.jacoco.agent-0.8.7-runtime.jar:/home/in4p/.m2/repository/com/auth0/java-jwt/3.19.3/java-jwt-3.19.3.jar:/home/in4p/.m2/repository/com/fasterxml/jackson/core/jackson-databind/2.14.2/jackson-databind-2.14.2.jar:/home/in4p/.m2/repository/com/fasterxml/jackson/core/jackson-annotations/2.14.2/jackson-annotations-2.14.2.jar:/home/in4p/.m2/repository/com/fasterxml/jackson/core/jackson-core/2.14.2/jackson-core-2.14.2.jar:/home/in4p/.m2/repository/org/modelmapper/modelmapper/2.3.5/modelmapper-2.3.5.jar:/home/in4p/.m2/repository/org/projectlombok/lombok/1.18.26/lombok-1.18.26.jar:/home/in4p/.m2/repository/io/jsonwebtoken/jjwt-impl/0.11.5/jjwt-impl-0.11.5.jar:/home/in4p/.m2/repository/io/jsonwebtoken/jjwt-api/0.11.5/jjwt-api-0.11.5.jar:/home/in4p/.m2/repository/io/jsonwebtoken/jjwt-jackson/0.11.5/jjwt-jackson-0.11.5.jar:/home/in4p/.m2/repository/org/springframework/ldap/spring-ldap-core/3.0.2/spring-ldap-core-3.0.2.jar:/home/in4p/.m2/repository/org/springframework/spring-beans/6.0.8/spring-beans-6.0.8.jar:/home/in4p/.m2/repository/org/springframework/spring-tx/6.0.8/spring-tx-6.0.8.jar:/home/in4p/.m2/repository/org/slf4j/slf4j-api/2.0.7/slf4j-api-2.0.7.jar:/home/in4p/.m2/repository/javax/xml/bind/jaxb-api/2.3.1/jaxb-api-2.3.1.jar:/home/in4p/.m2/repository/javax/activation/javax.activation-api/1.2.0/javax.activation-api-1.2.0.jar:/home/in4p/.m2/repository/org/jacoco/jacoco-maven-plugin/0.8.9/jacoco-maven-plugin-0.8.9.jar:/home/in4p/.m2/repository/org/codehaus/plexus/plexus-utils/3.0.24/plexus-utils-3.0.24.jar:/home/in4p/.m2/repository/org/apache/maven/shared/file-management/1.2.1/file-management-1.2.1.jar:/home/in4p/.m2/repository/org/apache/maven/maven-plugin-api/2.0.6/maven-plugin-api-2.0.6.jar:/home/in4p/.m2/repository/org/apache/maven/shared/maven-shared-io/1.1/maven-shared-io-1.1.jar:/home/in4p/.m2/repository/org/apache/maven/maven-artifact/2.0.2/maven-artifact-2.0.2.jar:/home/in4p/.m2/repository/org/apache/maven/maven-artifact-manager/2.0.2/maven-artifact-manager-2.0.2.jar:/home/in4p/.m2/repository/org/apache/maven/maven-repository-metadata/2.0.2/maven-repository-metadata-2.0.2.jar:/home/in4p/.m2/repository/org/apache/maven/wagon/wagon-provider-api/1.0-alpha-6/wagon-provider-api-1.0-alpha-6.jar:/home/in4p/.m2/repository/org/codehaus/plexus/plexus-container-default/1.0-alpha-9/plexus-container-default-1.0-alpha-9.jar:/home/in4p/.m2/repository/junit/junit/4.13.2/junit-4.13.2.jar:/home/in4p/.m2/repository/org/hamcrest/hamcrest-core/2.2/hamcrest-core-2.2.jar:/home/in4p/.m2/repository/classworlds/classworlds/1.1-alpha-2/classworlds-1.1-alpha-2.jar:/home/in4p/.m2/repository/org/apache/maven/reporting/maven-reporting-api/3.0/maven-reporting-api-3.0.jar:/home/in4p/.m2/repository/org/apache/maven/doxia/doxia-sink-api/1.0/doxia-sink-api-1.0.jar:/home/in4p/.m2/repository/org/jacoco/org.jacoco.core/0.8.9/org.jacoco.core-0.8.9.jar:/home/in4p/.m2/repository/org/ow2/asm/asm/9.5/asm-9.5.jar:/home/in4p/.m2/repository/org/ow2/asm/asm-commons/9.5/asm-commons-9.5.jar:/home/in4p/.m2/repository/org/ow2/asm/asm-tree/9.5/asm-tree-9.5.jar:/home/in4p/.m2/repository/org/jacoco/org.jacoco.report/0.8.9/org.jacoco.report-0.8.9.jar:"/>
    <property name="java.vm.vendor" value="Oracle Corporation"/>
    <property name="sun.arch.data.model" value="64"/>
    <property name="java.vendor.url" value="https://openjdk.org/"/>
    <property name="os.name" value="Linux"/>
    <property name="java.vm.specification.version" value="20"/>
    <property name="sun.java.launcher" value="SUN_STANDARD"/>
    <property name="user.country" value="US"/>
    <property name="sun.boot.library.path" value="/usr/lib/jvm/java-20-openjdk/lib"/>
    <property name="sun.java.command" value="/home/in4p/git/G12-FIJIS/MS2-GestionHorarios/target/surefire/surefirebooter11177375693603519538.jar /home/in4p/git/G12-FIJIS/MS2-GestionHorarios/target/surefire 2023-05-16T19-34-29_894-jvmRun1 surefire4423568889288635880tmp surefire_010033225361962914727tmp"/>
    <property name="jdk.debug" value="release"/>
    <property name="surefire.test.class.path" value="/home/in4p/git/G12-FIJIS/MS2-GestionHorarios/target/test-classes:/home/in4p/git/G12-FIJIS/MS2-GestionHorarios/target/classes:/home/in4p/.m2/repository/org/springframework/boot/spring-boot-starter/2.5.5/spring-boot-starter-2.5.5.jar:/home/in4p/.m2/repository/org/springframework/boot/spring-boot/3.0.6/spring-boot-3.0.6.jar:/home/in4p/.m2/repository/org/springframework/spring-context/6.0.8/spring-context-6.0.8.jar:/home/in4p/.m2/repository/org/springframework/boot/spring-boot-autoconfigure/3.0.6/spring-boot-autoconfigure-3.0.6.jar:/home/in4p/.m2/repository/org/springframework/boot/spring-boot-starter-logging/3.0.6/spring-boot-starter-logging-3.0.6.jar:/home/in4p/.m2/repository/ch/qos/logback/logback-classic/1.4.7/logback-classic-1.4.7.jar:/home/in4p/.m2/repository/ch/qos/logback/logback-core/1.4.7/logback-core-1.4.7.jar:/home/in4p/.m2/repository/org/apache/logging/log4j/log4j-to-slf4j/2.19.0/log4j-to-slf4j-2.19.0.jar:/home/in4p/.m2/repository/org/apache/logging/log4j/log4j-api/2.19.0/log4j-api-2.19.0.jar:/home/in4p/.m2/repository/org/slf4j/jul-to-slf4j/2.0.7/jul-to-slf4j-2.0.7.jar:/home/in4p/.m2/repository/jakarta/annotation/jakarta.annotation-api/2.1.1/jakarta.annotation-api-2.1.1.jar:/home/in4p/.m2/repository/org/springframework/spring-core/6.0.8/spring-core-6.0.8.jar:/home/in4p/.m2/repository/org/springframework/spring-jcl/6.0.8/spring-jcl-6.0.8.jar:/home/in4p/.m2/repository/org/yaml/snakeyaml/1.33/snakeyaml-1.33.jar:/home/in4p/.m2/repository/org/springframework/boot/spring-boot-starter-validation/3.0.6/spring-boot-starter-validation-3.0.6.jar:/home/in4p/.m2/repository/org/apache/tomcat/embed/tomcat-embed-el/10.1.8/tomcat-embed-el-10.1.8.jar:/home/in4p/.m2/repository/org/hibernate/validator/hibernate-validator/8.0.0.Final/hibernate-validator-8.0.0.Final.jar:/home/in4p/.m2/repository/jakarta/validation/jakarta.validation-api/3.0.2/jakarta.validation-api-3.0.2.jar:/home/in4p/.m2/repository/org/jboss/logging/jboss-logging/3.5.0.Final/jboss-logging-3.5.0.Final.jar:/home/in4p/.m2/repository/com/fasterxml/classmate/1.5.1/classmate-1.5.1.jar:/home/in4p/.m2/repository/org/springdoc/springdoc-openapi-starter-webmvc-ui/2.0.2/springdoc-openapi-starter-webmvc-ui-2.0.2.jar:/home/in4p/.m2/repository/org/springdoc/springdoc-openapi-starter-webmvc-api/2.0.2/springdoc-openapi-starter-webmvc-api-2.0.2.jar:/home/in4p/.m2/repository/org/springdoc/springdoc-openapi-starter-common/2.0.2/springdoc-openapi-starter-common-2.0.2.jar:/home/in4p/.m2/repository/io/swagger/core/v3/swagger-core-jakarta/2.2.7/swagger-core-jakarta-2.2.7.jar:/home/in4p/.m2/repository/org/apache/commons/commons-lang3/3.12.0/commons-lang3-3.12.0.jar:/home/in4p/.m2/repository/io/swagger/core/v3/swagger-annotations-jakarta/2.2.7/swagger-annotations-jakarta-2.2.7.jar:/home/in4p/.m2/repository/io/swagger/core/v3/swagger-models-jakarta/2.2.7/swagger-models-jakarta-2.2.7.jar:/home/in4p/.m2/repository/com/fasterxml/jackson/dataformat/jackson-dataformat-yaml/2.14.2/jackson-dataformat-yaml-2.14.2.jar:/home/in4p/.m2/repository/org/webjars/swagger-ui/4.15.5/swagger-ui-4.15.5.jar:/home/in4p/.m2/repository/org/webjars/webjars-locator-core/0.52/webjars-locator-core-0.52.jar:/home/in4p/.m2/repository/io/github/classgraph/classgraph/4.8.149/classgraph-4.8.149.jar:/home/in4p/.m2/repository/org/mockito/mockito-core/3.12.4/mockito-core-3.12.4.jar:/home/in4p/.m2/repository/net/bytebuddy/byte-buddy/1.12.23/byte-buddy-1.12.23.jar:/home/in4p/.m2/repository/net/bytebuddy/byte-buddy-agent/1.12.23/byte-buddy-agent-1.12.23.jar:/home/in4p/.m2/repository/org/objenesis/objenesis/3.2/objenesis-3.2.jar:/home/in4p/.m2/repository/org/springframework/boot/spring-boot-starter-data-jpa/3.0.6/spring-boot-starter-data-jpa-3.0.6.jar:/home/in4p/.m2/repository/org/springframework/boot/spring-boot-starter-aop/3.0.6/spring-boot-starter-aop-3.0.6.jar:/home/in4p/.m2/repository/org/springframework/spring-aop/6.0.8/spring-aop-6.0.8.jar:/home/in4p/.m2/repository/org/aspectj/aspectjweaver/1.9.19/aspectjweaver-1.9.19.jar:/home/in4p/.m2/repository/org/springframework/boot/spring-boot-starter-jdbc/3.0.6/spring-boot-starter-jdbc-3.0.6.jar:/home/in4p/.m2/repository/com/zaxxer/HikariCP/5.0.1/HikariCP-5.0.1.jar:/home/in4p/.m2/repository/org/springframework/spring-jdbc/6.0.8/spring-jdbc-6.0.8.jar:/home/in4p/.m2/repository/org/hibernate/orm/hibernate-core/6.1.7.Final/hibernate-core-6.1.7.Final.jar:/home/in4p/.m2/repository/jakarta/persistence/jakarta.persistence-api/3.1.0/jakarta.persistence-api-3.1.0.jar:/home/in4p/.m2/repository/jakarta/transaction/jakarta.transaction-api/2.0.1/jakarta.transaction-api-2.0.1.jar:/home/in4p/.m2/repository/org/hibernate/common/hibernate-commons-annotations/6.0.6.Final/hibernate-commons-annotations-6.0.6.Final.jar:/home/in4p/.m2/repository/org/jboss/jandex/2.4.2.Final/jandex-2.4.2.Final.jar:/home/in4p/.m2/repository/org/glassfish/jaxb/jaxb-runtime/4.0.2/jaxb-runtime-4.0.2.jar:/home/in4p/.m2/repository/org/glassfish/jaxb/jaxb-core/4.0.2/jaxb-core-4.0.2.jar:/home/in4p/.m2/repository/org/eclipse/angus/angus-activation/2.0.0/angus-activation-2.0.0.jar:/home/in4p/.m2/repository/org/glassfish/jaxb/txw2/4.0.2/txw2-4.0.2.jar:/home/in4p/.m2/repository/com/sun/istack/istack-commons-runtime/4.1.1/istack-commons-runtime-4.1.1.jar:/home/in4p/.m2/repository/jakarta/inject/jakarta.inject-api/2.0.0/jakarta.inject-api-2.0.0.jar:/home/in4p/.m2/repository/org/antlr/antlr4-runtime/4.10.1/antlr4-runtime-4.10.1.jar:/home/in4p/.m2/repository/org/springframework/data/spring-data-jpa/3.0.5/spring-data-jpa-3.0.5.jar:/home/in4p/.m2/repository/org/springframework/data/spring-data-commons/3.0.5/spring-data-commons-3.0.5.jar:/home/in4p/.m2/repository/org/springframework/spring-orm/6.0.8/spring-orm-6.0.8.jar:/home/in4p/.m2/repository/org/springframework/spring-aspects/6.0.8/spring-aspects-6.0.8.jar:/home/in4p/.m2/repository/org/springframework/boot/spring-boot-starter-oauth2-resource-server/3.0.6/spring-boot-starter-oauth2-resource-server-3.0.6.jar:/home/in4p/.m2/repository/org/springframework/security/spring-security-config/6.0.3/spring-security-config-6.0.3.jar:/home/in4p/.m2/repository/org/springframework/security/spring-security-core/6.0.3/spring-security-core-6.0.3.jar:/home/in4p/.m2/repository/org/springframework/security/spring-security-crypto/6.0.3/spring-security-crypto-6.0.3.jar:/home/in4p/.m2/repository/org/springframework/spring-expression/6.0.8/spring-expression-6.0.8.jar:/home/in4p/.m2/repository/io/micrometer/micrometer-observation/1.10.6/micrometer-observation-1.10.6.jar:/home/in4p/.m2/repository/io/micrometer/micrometer-commons/1.10.6/micrometer-commons-1.10.6.jar:/home/in4p/.m2/repository/org/springframework/security/spring-security-oauth2-resource-server/6.0.3/spring-security-oauth2-resource-server-6.0.3.jar:/home/in4p/.m2/repository/org/springframework/security/spring-security-oauth2-core/6.0.3/spring-security-oauth2-core-6.0.3.jar:/home/in4p/.m2/repository/org/springframework/security/spring-security-web/6.0.3/spring-security-web-6.0.3.jar:/home/in4p/.m2/repository/org/springframework/security/spring-security-oauth2-jose/6.0.3/spring-security-oauth2-jose-6.0.3.jar:/home/in4p/.m2/repository/com/nimbusds/nimbus-jose-jwt/9.24.4/nimbus-jose-jwt-9.24.4.jar:/home/in4p/.m2/repository/com/github/stephenc/jcip/jcip-annotations/1.0-1/jcip-annotations-1.0-1.jar:/home/in4p/.m2/repository/org/springframework/boot/spring-boot-starter-web/3.0.6/spring-boot-starter-web-3.0.6.jar:/home/in4p/.m2/repository/org/springframework/boot/spring-boot-starter-json/3.0.6/spring-boot-starter-json-3.0.6.jar:/home/in4p/.m2/repository/com/fasterxml/jackson/datatype/jackson-datatype-jdk8/2.14.2/jackson-datatype-jdk8-2.14.2.jar:/home/in4p/.m2/repository/com/fasterxml/jackson/datatype/jackson-datatype-jsr310/2.14.2/jackson-datatype-jsr310-2.14.2.jar:/home/in4p/.m2/repository/com/fasterxml/jackson/module/jackson-module-parameter-names/2.14.2/jackson-module-parameter-names-2.14.2.jar:/home/in4p/.m2/repository/org/springframework/spring-web/6.0.8/spring-web-6.0.8.jar:/home/in4p/.m2/repository/org/springframework/spring-webmvc/6.0.8/spring-webmvc-6.0.8.jar:/home/in4p/.m2/repository/org/springframework/boot/spring-boot-starter-test/3.0.0/spring-boot-starter-test-3.0.0.jar:/home/in4p/.m2/repository/org/springframework/boot/spring-boot-test/3.0.6/spring-boot-test-3.0.6.jar:/home/in4p/.m2/repository/org/springframework/boot/spring-boot-test-autoconfigure/3.0.6/spring-boot-test-autoconfigure-3.0.6.jar:/home/in4p/.m2/repository/com/jayway/jsonpath/json-path/2.7.0/json-path-2.7.0.jar:/home/in4p/.m2/repository/net/minidev/json-smart/2.4.10/json-smart-2.4.10.jar:/home/in4p/.m2/repository/net/minidev/accessors-smart/2.4.9/accessors-smart-2.4.9.jar:/home/in4p/.m2/repository/jakarta/xml/bind/jakarta.xml.bind-api/4.0.0/jakarta.xml.bind-api-4.0.0.jar:/home/in4p/.m2/repository/jakarta/activation/jakarta.activation-api/2.1.1/jakarta.activation-api-2.1.1.jar:/home/in4p/.m2/repository/org/assertj/assertj-core/3.23.1/assertj-core-3.23.1.jar:/home/in4p/.m2/repository/org/hamcrest/hamcrest/2.2/hamcrest-2.2.jar:/home/in4p/.m2/repository/org/junit/jupiter/junit-jupiter/5.9.2/junit-jupiter-5.9.2.jar:/home/in4p/.m2/repository/org/junit/jupiter/junit-jupiter-api/5.9.2/junit-jupiter-api-5.9.2.jar:/home/in4p/.m2/repository/org/opentest4j/opentest4j/1.2.0/opentest4j-1.2.0.jar:/home/in4p/.m2/repository/org/junit/platform/junit-platform-commons/1.9.2/junit-platform-commons-1.9.2.jar:/home/in4p/.m2/repository/org/apiguardian/apiguardian-api/1.1.2/apiguardian-api-1.1.2.jar:/home/in4p/.m2/repository/org/junit/jupiter/junit-jupiter-params/5.9.2/junit-jupiter-params-5.9.2.jar:/home/in4p/.m2/repository/org/junit/jupiter/junit-jupiter-engine/5.9.2/junit-jupiter-engine-5.9.2.jar:/home/in4p/.m2/repository/org/junit/platform/junit-platform-engine/1.9.2/junit-platform-engine-1.9.2.jar:/home/in4p/.m2/repository/org/mockito/mockito-junit-jupiter/4.8.1/mockito-junit-jupiter-4.8.1.jar:/home/in4p/.m2/repository/org/skyscreamer/jsonassert/1.5.1/jsonassert-1.5.1.jar:/home/in4p/.m2/repository/com/vaadin/external/google/android-json/0.0.20131108.vaadin1/android-json-0.0.20131108.vaadin1.jar:/home/in4p/.m2/repository/org/springframework/spring-test/6.0.8/spring-test-6.0.8.jar:/home/in4p/.m2/repository/org/xmlunit/xmlunit-core/2.9.1/xmlunit-core-2.9.1.jar:/home/in4p/.m2/repository/org/springframework/boot/spring-boot-starter-tomcat/3.0.6/spring-boot-starter-tomcat-3.0.6.jar:/home/in4p/.m2/repository/org/apache/tomcat/embed/tomcat-embed-core/10.1.8/tomcat-embed-core-10.1.8.jar:/home/in4p/.m2/repository/org/apache/tomcat/embed/tomcat-embed-websocket/10.1.8/tomcat-embed-websocket-10.1.8.jar:/home/in4p/.m2/repository/org/springframework/boot/spring-boot-devtools/3.0.6/spring-boot-devtools-3.0.6.jar:/home/in4p/.m2/repository/com/h2database/h2/2.1.214/h2-2.1.214.jar:/home/in4p/.m2/repository/org/jacoco/org.jacoco.agent/0.8.7/org.jacoco.agent-0.8.7-runtime.jar:/home/in4p/.m2/repository/com/auth0/java-jwt/3.19.3/java-jwt-3.19.3.jar:/home/in4p/.m2/repository/com/fasterxml/jackson/core/jackson-databind/2.14.2/jackson-databind-2.14.2.jar:/home/in4p/.m2/repository/com/fasterxml/jackson/core/jackson-annotations/2.14.2/jackson-annotations-2.14.2.jar:/home/in4p/.m2/repository/com/fasterxml/jackson/core/jackson-core/2.14.2/jackson-core-2.14.2.jar:/home/in4p/.m2/repository/org/modelmapper/modelmapper/2.3.5/modelmapper-2.3.5.jar:/home/in4p/.m2/repository/org/projectlombok/lombok/1.18.26/lombok-1.18.26.jar:/home/in4p/.m2/repository/io/jsonwebtoken/jjwt-impl/0.11.5/jjwt-impl-0.11.5.jar:/home/in4p/.m2/repository/io/jsonwebtoken/jjwt-api/0.11.5/jjwt-api-0.11.5.jar:/home/in4p/.m2/repository/io/jsonwebtoken/jjwt-jackson/0.11.5/jjwt-jackson-0.11.5.jar:/home/in4p/.m2/repository/org/springframework/ldap/spring-ldap-core/3.0.2/spring-ldap-core-3.0.2.jar:/home/in4p/.m2/repository/org/springframework/spring-beans/6.0.8/spring-beans-6.0.8.jar:/home/in4p/.m2/repository/org/springframework/spring-tx/6.0.8/spring-tx-6.0.8.jar:/home/in4p/.m2/repository/org/slf4j/slf4j-api/2.0.7/slf4j-api-2.0.7.jar:/home/in4p/.m2/repository/javax/xml/bind/jaxb-api/2.3.1/jaxb-api-2.3.1.jar:/home/in4p/.m2/repository/javax/activation/javax.activation-api/1.2.0/javax.activation-api-1.2.0.jar:/home/in4p/.m2/repository/org/jacoco/jacoco-maven-plugin/0.8.9/jacoco-maven-plugin-0.8.9.jar:/home/in4p/.m2/repository/org/codehaus/plexus/plexus-utils/3.0.24/plexus-utils-3.0.24.jar:/home/in4p/.m2/repository/org/apache/maven/shared/file-management/1.2.1/file-management-1.2.1.jar:/home/in4p/.m2/repository/org/apache/maven/maven-plugin-api/2.0.6/maven-plugin-api-2.0.6.jar:/home/in4p/.m2/repository/org/apache/maven/shared/maven-shared-io/1.1/maven-shared-io-1.1.jar:/home/in4p/.m2/repository/org/apache/maven/maven-artifact/2.0.2/maven-artifact-2.0.2.jar:/home/in4p/.m2/repository/org/apache/maven/maven-artifact-manager/2.0.2/maven-artifact-manager-2.0.2.jar:/home/in4p/.m2/repository/org/apache/maven/maven-repository-metadata/2.0.2/maven-repository-metadata-2.0.2.jar:/home/in4p/.m2/repository/org/apache/maven/wagon/wagon-provider-api/1.0-alpha-6/wagon-provider-api-1.0-alpha-6.jar:/home/in4p/.m2/repository/org/codehaus/plexus/plexus-container-default/1.0-alpha-9/plexus-container-default-1.0-alpha-9.jar:/home/in4p/.m2/repository/junit/junit/4.13.2/junit-4.13.2.jar:/home/in4p/.m2/repository/org/hamcrest/hamcrest-core/2.2/hamcrest-core-2.2.jar:/home/in4p/.m2/repository/classworlds/classworlds/1.1-alpha-2/classworlds-1.1-alpha-2.jar:/home/in4p/.m2/repository/org/apache/maven/reporting/maven-reporting-api/3.0/maven-reporting-api-3.0.jar:/home/in4p/.m2/repository/org/apache/maven/doxia/doxia-sink-api/1.0/doxia-sink-api-1.0.jar:/home/in4p/.m2/repository/org/jacoco/org.jacoco.core/0.8.9/org.jacoco.core-0.8.9.jar:/home/in4p/.m2/repository/org/ow2/asm/asm/9.5/asm-9.5.jar:/home/in4p/.m2/repository/org/ow2/asm/asm-commons/9.5/asm-commons-9.5.jar:/home/in4p/.m2/repository/org/ow2/asm/asm-tree/9.5/asm-tree-9.5.jar:/home/in4p/.m2/repository/org/jacoco/org.jacoco.report/0.8.9/org.jacoco.report-0.8.9.jar:"/>
    <property name="sun.cpu.endian" value="little"/>
    <property name="user.home" value="/home/in4p"/>
    <property name="user.language" value="en"/>
    <property name="java.specification.vendor" value="Oracle Corporation"/>
    <property name="java.version.date" value="2023-04-18"/>
    <property name="java.home" value="/usr/lib/jvm/java-20-openjdk"/>
    <property name="file.separator" value="/"/>
    <property name="basedir" value="/home/in4p/git/G12-FIJIS/MS2-GestionHorarios"/>
    <property name="java.vm.compressedOopsMode" value="Zero based"/>
    <property name="line.separator" value="&#10;"/>
    <property name="skittest" value="true"/>
    <property name="java.specification.name" value="Java Platform API Specification"/>
    <property name="java.vm.specification.vendor" value="Oracle Corporation"/>
    <property name="surefire.real.class.path" value="/home/in4p/git/G12-FIJIS/MS2-GestionHorarios/target/surefire/surefirebooter11177375693603519538.jar"/>
    <property name="sun.management.compiler" value="HotSpot 64-Bit Tiered Compilers"/>
    <property name="java.runtime.version" value="20.0.1+9"/>
    <property name="user.name" value="in4p"/>
    <property name="stdout.encoding" value="UTF-8"/>
    <property name="path.separator" value=":"/>
    <property name="os.version" value="6.3.1-arch2-1"/>
    <property name="java.runtime.name" value="OpenJDK Runtime Environment"/>
    <property name="file.encoding" value="UTF-8"/>
    <property name="java.vm.name" value="OpenJDK 64-Bit Server VM"/>
    <property name="localRepository" value="/home/in4p/.m2/repository"/>
    <property name="java.vendor.url.bug" value="https://bugreport.java.com/bugreport/"/>
    <property name="java.io.tmpdir" value="/tmp"/>
    <property name="java.version" value="20.0.1"/>
    <property name="user.dir" value="/home/in4p/git/G12-FIJIS/MS2-GestionHorarios"/>
    <property name="os.arch" value="amd64"/>
    <property name="java.vm.specification.name" value="Java Virtual Machine Specification"/>
    <property name="native.encoding" value="UTF-8"/>
    <property name="java.library.path" value="/usr/java/packages/lib:/usr/lib64:/lib64:/lib:/usr/lib"/>
    <property name="java.vm.info" value="mixed mode, sharing"/>
    <property name="stderr.encoding" value="UTF-8"/>
    <property name="java.vendor" value="N/A"/>
    <property name="java.vm.version" value="20.0.1+9"/>
    <property name="sun.io.unicode.encoding" value="UnicodeLittle"/>
    <property name="java.class.version" value="64.0"/>
  </properties>
  <testcase name="testAuthenticate" classname="com.ms1.gestionUsuarios.GestionUsuariosApplicationTests" time="0.577"/>
  <testcase name="testResetContrasena" classname="com.ms1.gestionUsuarios.GestionUsuariosApplicationTests" time="0.076"/>
  <testcase name="eliminarMateria" classname="com.ms1.gestionUsuarios.GestionUsuariosApplicationTests$BorrarSlotConcreto" time="0.183">
    <failure message="Status expected:&lt;200&gt; but was:&lt;404&gt;" type="java.lang.AssertionError"><![CDATA[java.lang.AssertionError: Status expected:<200> but was:<404>
	at com.ms1.gestionUsuarios.GestionUsuariosApplicationTests$BorrarSlotConcreto.eliminarMateria(GestionUsuariosApplicationTests.java:1153)
]]></failure>
    <system-out><![CDATA[2023-05-16T19:34:36.275+02:00  INFO 4973 --- [           main] t.c.s.AnnotationConfigContextLoaderUtils : Could not detect default configuration classes for test class [com.ms1.gestionUsuarios.GestionUsuariosApplicationTests$BorrarSlotConcreto]: BorrarSlotConcreto does not declare any static, non-private, non-final, nested classes annotated with @Configuration.
2023-05-16T19:34:36.277+02:00  INFO 4973 --- [           main] .b.t.c.SpringBootTestContextBootstrapper : Found @SpringBootConfiguration com.ms1.gestionUsuarios.GestionUsuariosApplication for test class com.ms1.gestionUsuarios.GestionUsuariosApplicationTests$BorrarSlotConcreto
2023-05-16T19:34:36.352+02:00 DEBUG 4973 --- [           main] o.s.security.web.FilterChainProxy        : Securing POST /login
2023-05-16T19:34:36.352+02:00  WARN 4973 --- [           main] c.m.g.security.JwtRequestFilter          : JWT Token does not begin with Bearer String
2023-05-16T19:34:36.353+02:00 DEBUG 4973 --- [           main] o.s.s.w.a.AnonymousAuthenticationFilter  : Set SecurityContextHolder to anonymous SecurityContext
2023-05-16T19:34:36.353+02:00 DEBUG 4973 --- [           main] o.s.security.web.FilterChainProxy        : Secured POST /login
2023-05-16T19:34:36.426+02:00 DEBUG 4973 --- [           main] o.s.security.web.FilterChainProxy        : Securing DELETE /slots/1
2023-05-16T19:34:36.436+02:00  WARN 4973 --- [           main] c.m.g.security.JwtRequestFilter          : username = test
2023-05-16T19:34:36.438+02:00  WARN 4973 --- [           main] c.m.g.security.JwtRequestFilter          : [VICERRECTORADO]
2023-05-16T19:34:36.439+02:00  WARN 4973 --- [           main] c.m.g.security.JwtRequestFilter          : usernamePasswordAuthenticationToken = UsernamePasswordAuthenticationToken [Principal=org.springframework.security.core.userdetails.User [Username=test, Password=[PROTECTED], Enabled=true, AccountNonExpired=true, credentialsNonExpired=true, AccountNonLocked=true, Granted Authorities=[ROLE_VICERRECTORADO]], Credentials=[PROTECTED], Authenticated=true, Details=WebAuthenticationDetails [RemoteIpAddress=127.0.0.1, SessionId=null], Granted Authorities=[ROLE_VICERRECTORADO]]
2023-05-16T19:34:36.440+02:00 DEBUG 4973 --- [           main] o.s.security.web.FilterChainProxy        : Secured DELETE /slots/1
2023-05-16T19:34:36.443+02:00 DEBUG 4973 --- [           main] horizationManagerBeforeMethodInterceptor : Authorizing method invocation ReflectiveMethodInvocation: public void com.ms1.gestionUsuarios.controller.SlotsRest.eliminarHorario(java.lang.Long); target is of class [com.ms1.gestionUsuarios.controller.SlotsRest]
2023-05-16T19:34:36.450+02:00 DEBUG 4973 --- [           main] horizationManagerBeforeMethodInterceptor : Authorized method invocation ReflectiveMethodInvocation: public void com.ms1.gestionUsuarios.controller.SlotsRest.eliminarHorario(java.lang.Long); target is of class [com.ms1.gestionUsuarios.controller.SlotsRest]

MockHttpServletRequest:
      HTTP Method = POST
      Request URI = /login
       Parameters = {}
          Headers = [Content-Type:"application/json;charset=UTF-8", Content-Length:"34"]
             Body = {"email":"test","password":"test"}
    Session Attrs = {}

Handler:
             Type = com.ms1.gestionUsuarios.controller.LoginController
           Method = com.ms1.gestionUsuarios.controller.LoginController#createAuthenticationToken(JwtRequestDTO)

Async:
    Async started = false
     Async result = null

Resolved Exception:
             Type = null

ModelAndView:
        View name = null
             View = null
            Model = null

FlashMap:
       Attributes = null

MockHttpServletResponse:
           Status = 200
    Error message = null
          Headers = [Vary:"Origin", "Access-Control-Request-Method", "Access-Control-Request-Headers", Content-Type:"application/json", X-Content-Type-Options:"nosniff", X-XSS-Protection:"0", Cache-Control:"no-cache, no-store, max-age=0, must-revalidate", Pragma:"no-cache", Expires:"0", X-Frame-Options:"DENY"]
     Content type = application/json
             Body = {"token":"eyJhbGciOiJIUzUxMiJ9.eyJyb2xlcyI6WyJWSUNFUlJFQ1RPUkFETyJdLCJzdWIiOiJ0ZXN0IiwiaWF0IjoxNjg0MjU4NDc2LCJleHAiOjE2ODQyNzY0NzZ9.64o-SaCvibne964oq8QDwW6Ex_aZB9BiIfNuZCSnVej3-Hxb9muObyhHPhW8BWuDP3cL3uXyvSVv2J_Z41fZKQ"}
    Forwarded URL = null
   Redirected URL = null
          Cookies = []

MockHttpServletRequest:
      HTTP Method = DELETE
      Request URI = /slots/1
       Parameters = {}
          Headers = [Authorization:"Bearer eyJhbGciOiJIUzUxMiJ9.eyJyb2xlcyI6WyJWSUNFUlJFQ1RPUkFETyJdLCJzdWIiOiJ0ZXN0IiwiaWF0IjoxNjg0MjU4NDc2LCJleHAiOjE2ODQyNzY0NzZ9.64o-SaCvibne964oq8QDwW6Ex_aZB9BiIfNuZCSnVej3-Hxb9muObyhHPhW8BWuDP3cL3uXyvSVv2J_Z41fZKQ"]
             Body = null
    Session Attrs = {}

Handler:
             Type = com.ms1.gestionUsuarios.controller.SlotsRest
           Method = com.ms1.gestionUsuarios.controller.SlotsRest#eliminarHorario(Long)

Async:
    Async started = false
     Async result = null

Resolved Exception:
             Type = org.springframework.web.server.ResponseStatusException

ModelAndView:
        View name = null
             View = null
            Model = null

FlashMap:
       Attributes = null

MockHttpServletResponse:
           Status = 404
    Error message = Usuario no encontrado
          Headers = [Vary:"Origin", "Access-Control-Request-Method", "Access-Control-Request-Headers", X-Content-Type-Options:"nosniff", X-XSS-Protection:"0", Cache-Control:"no-cache, no-store, max-age=0, must-revalidate", Pragma:"no-cache", Expires:"0", X-Frame-Options:"DENY"]
     Content type = null
             Body = 
    Forwarded URL = null
   Redirected URL = null
          Cookies = []
]]></system-out>
  </testcase>
  <testcase name="eliminarMateria" classname="com.ms1.gestionUsuarios.GestionUsuariosApplicationTests$BorrarPruebaConcreta" time="0.07">
    <failure message="Status expected:&lt;200&gt; but was:&lt;401&gt;" type="java.lang.AssertionError"><![CDATA[java.lang.AssertionError: Status expected:<200> but was:<401>
	at com.ms1.gestionUsuarios.GestionUsuariosApplicationTests$BorrarPruebaConcreta.eliminarMateria(GestionUsuariosApplicationTests.java:892)
]]></failure>
    <system-out><![CDATA[2023-05-16T19:34:37.609+02:00  INFO 4973 --- [           main] t.c.s.AnnotationConfigContextLoaderUtils : Could not detect default configuration classes for test class [com.ms1.gestionUsuarios.GestionUsuariosApplicationTests$BorrarPruebaConcreta]: BorrarPruebaConcreta does not declare any static, non-private, non-final, nested classes annotated with @Configuration.
2023-05-16T19:34:37.610+02:00  INFO 4973 --- [           main] .b.t.c.SpringBootTestContextBootstrapper : Found @SpringBootConfiguration com.ms1.gestionUsuarios.GestionUsuariosApplication for test class com.ms1.gestionUsuarios.GestionUsuariosApplicationTests$BorrarPruebaConcreta
2023-05-16T19:34:37.678+02:00 DEBUG 4973 --- [           main] o.s.security.web.FilterChainProxy        : Securing POST /login
2023-05-16T19:34:37.678+02:00  WARN 4973 --- [           main] c.m.g.security.JwtRequestFilter          : JWT Token does not begin with Bearer String
2023-05-16T19:34:37.678+02:00 DEBUG 4973 --- [           main] o.s.s.w.a.AnonymousAuthenticationFilter  : Set SecurityContextHolder to anonymous SecurityContext
2023-05-16T19:34:37.678+02:00 DEBUG 4973 --- [           main] o.s.security.web.FilterChainProxy        : Secured POST /login

MockHttpServletRequest:
      HTTP Method = POST
      Request URI = /login
       Parameters = {}
          Headers = [Content-Type:"application/json;charset=UTF-8", Content-Length:"34"]
             Body = {"email":"1234","password":"0000"}
    Session Attrs = {}

Handler:
             Type = com.ms1.gestionUsuarios.controller.LoginController
           Method = com.ms1.gestionUsuarios.controller.LoginController#createAuthenticationToken(JwtRequestDTO)

Async:
    Async started = false
     Async result = null

Resolved Exception:
             Type = null

ModelAndView:
        View name = null
             View = null
            Model = null

FlashMap:
       Attributes = null

MockHttpServletResponse:
           Status = 401
    Error message = Unauthorized
          Headers = [Vary:"Origin", "Access-Control-Request-Method", "Access-Control-Request-Headers", X-Content-Type-Options:"nosniff", X-XSS-Protection:"0", Cache-Control:"no-cache, no-store, max-age=0, must-revalidate", Pragma:"no-cache", Expires:"0", X-Frame-Options:"DENY"]
     Content type = null
             Body = 
    Forwarded URL = null
   Redirected URL = null
          Cookies = []
]]></system-out>
  </testcase>
  <testcase name="eliminarMateria" classname="com.ms1.gestionUsuarios.GestionUsuariosApplicationTests$BorrarMateriaConcreta" time="0.319"/>
  <testcase name="ErrorElimMateria" classname="com.ms1.gestionUsuarios.GestionUsuariosApplicationTests$BorrarSlotConcreto" time="0.073"/>
  <testcase name="ErrorElimMateria" classname="com.ms1.gestionUsuarios.GestionUsuariosApplicationTests$BorrarPruebaConcreta" time="0.067"/>
  <testcase name="ErrorElimMateria" classname="com.ms1.gestionUsuarios.GestionUsuariosApplicationTests$BorrarMateriaConcreta" time="0.069"/>
  <testcase name="eliminarMateriaNoExistente" classname="com.ms1.gestionUsuarios.GestionUsuariosApplicationTests$BorrarSlotConcreto" time="0.142"/>
  <testcase name="eliminarMateriaNoExistente" classname="com.ms1.gestionUsuarios.GestionUsuariosApplicationTests$BorrarPruebaConcreta" time="0.069">
    <failure message="Status expected:&lt;200&gt; but was:&lt;401&gt;" type="java.lang.AssertionError"><![CDATA[java.lang.AssertionError: Status expected:<200> but was:<401>
	at com.ms1.gestionUsuarios.GestionUsuariosApplicationTests$BorrarPruebaConcreta.eliminarMateriaNoExistente(GestionUsuariosApplicationTests.java:933)
]]></failure>
    <system-out><![CDATA[2023-05-16T19:34:37.815+02:00 DEBUG 4973 --- [           main] o.s.security.web.FilterChainProxy        : Securing POST /login
2023-05-16T19:34:37.815+02:00  WARN 4973 --- [           main] c.m.g.security.JwtRequestFilter          : JWT Token does not begin with Bearer String
2023-05-16T19:34:37.815+02:00 DEBUG 4973 --- [           main] o.s.s.w.a.AnonymousAuthenticationFilter  : Set SecurityContextHolder to anonymous SecurityContext
2023-05-16T19:34:37.816+02:00 DEBUG 4973 --- [           main] o.s.security.web.FilterChainProxy        : Secured POST /login

MockHttpServletRequest:
      HTTP Method = POST
      Request URI = /login
       Parameters = {}
          Headers = [Content-Type:"application/json;charset=UTF-8", Content-Length:"34"]
             Body = {"email":"1234","password":"0000"}
    Session Attrs = {}

Handler:
             Type = com.ms1.gestionUsuarios.controller.LoginController
           Method = com.ms1.gestionUsuarios.controller.LoginController#createAuthenticationToken(JwtRequestDTO)

Async:
    Async started = false
     Async result = null

Resolved Exception:
             Type = null

ModelAndView:
        View name = null
             View = null
            Model = null

FlashMap:
       Attributes = null

MockHttpServletResponse:
           Status = 401
    Error message = Unauthorized
          Headers = [Vary:"Origin", "Access-Control-Request-Method", "Access-Control-Request-Headers", X-Content-Type-Options:"nosniff", X-XSS-Protection:"0", Cache-Control:"no-cache, no-store, max-age=0, must-revalidate", Pragma:"no-cache", Expires:"0", X-Frame-Options:"DENY"]
     Content type = null
             Body = 
    Forwarded URL = null
   Redirected URL = null
          Cookies = []
]]></system-out>
  </testcase>
  <testcase name="eliminarMateriaNoExistente" classname="com.ms1.gestionUsuarios.GestionUsuariosApplicationTests$BorrarMateriaConcreta" time="0.135">
    <error message="Request processing failed: com.ms1.gestionUsuarios.exceptios.EntidadNoEncontradaException" type="jakarta.servlet.ServletException">jakarta.servlet.ServletException: Request processing failed: com.ms1.gestionUsuarios.exceptios.EntidadNoEncontradaException
	at com.ms1.gestionUsuarios.GestionUsuariosApplicationTests$BorrarMateriaConcreta.eliminarMateriaNoExistente(GestionUsuariosApplicationTests.java:608)
Caused by: com.ms1.gestionUsuarios.exceptios.EntidadNoEncontradaException
	at com.ms1.gestionUsuarios.GestionUsuariosApplicationTests$BorrarMateriaConcreta.eliminarMateriaNoExistente(GestionUsuariosApplicationTests.java:608)
</error>
    <system-out><![CDATA[2023-05-16T19:34:38.974+02:00 DEBUG 4973 --- [           main] o.s.security.web.FilterChainProxy        : Securing POST /login
2023-05-16T19:34:38.974+02:00  WARN 4973 --- [           main] c.m.g.security.JwtRequestFilter          : JWT Token does not begin with Bearer String
2023-05-16T19:34:38.974+02:00 DEBUG 4973 --- [           main] o.s.s.w.a.AnonymousAuthenticationFilter  : Set SecurityContextHolder to anonymous SecurityContext
2023-05-16T19:34:38.974+02:00 DEBUG 4973 --- [           main] o.s.security.web.FilterChainProxy        : Secured POST /login
2023-05-16T19:34:39.037+02:00 DEBUG 4973 --- [           main] o.s.security.web.FilterChainProxy        : Securing DELETE /materias/0
2023-05-16T19:34:39.038+02:00  WARN 4973 --- [           main] c.m.g.security.JwtRequestFilter          : username = test
2023-05-16T19:34:39.038+02:00  WARN 4973 --- [           main] c.m.g.security.JwtRequestFilter          : [VICERRECTORADO]
2023-05-16T19:34:39.039+02:00  WARN 4973 --- [           main] c.m.g.security.JwtRequestFilter          : usernamePasswordAuthenticationToken = UsernamePasswordAuthenticationToken [Principal=org.springframework.security.core.userdetails.User [Username=test, Password=[PROTECTED], Enabled=true, AccountNonExpired=true, credentialsNonExpired=true, AccountNonLocked=true, Granted Authorities=[ROLE_VICERRECTORADO]], Credentials=[PROTECTED], Authenticated=true, Details=WebAuthenticationDetails [RemoteIpAddress=127.0.0.1, SessionId=null], Granted Authorities=[ROLE_VICERRECTORADO]]
2023-05-16T19:34:39.039+02:00 DEBUG 4973 --- [           main] o.s.security.web.FilterChainProxy        : Secured DELETE /materias/0
2023-05-16T19:34:39.039+02:00 DEBUG 4973 --- [           main] horizationManagerBeforeMethodInterceptor : Authorizing method invocation ReflectiveMethodInvocation: public void com.ms1.gestionUsuarios.controller.AsignaturaRest.eliminarAsignatura(java.lang.Long); target is of class [com.ms1.gestionUsuarios.controller.AsignaturaRest]
2023-05-16T19:34:39.040+02:00 DEBUG 4973 --- [           main] horizationManagerBeforeMethodInterceptor : Authorized method invocation ReflectiveMethodInvocation: public void com.ms1.gestionUsuarios.controller.AsignaturaRest.eliminarAsignatura(java.lang.Long); target is of class [com.ms1.gestionUsuarios.controller.AsignaturaRest]

MockHttpServletRequest:
      HTTP Method = POST
      Request URI = /login
       Parameters = {}
          Headers = [Content-Type:"application/json;charset=UTF-8", Content-Length:"34"]
             Body = {"email":"test","password":"test"}
    Session Attrs = {}

Handler:
             Type = com.ms1.gestionUsuarios.controller.LoginController
           Method = com.ms1.gestionUsuarios.controller.LoginController#createAuthenticationToken(JwtRequestDTO)

Async:
    Async started = false
     Async result = null

Resolved Exception:
             Type = null

ModelAndView:
        View name = null
             View = null
            Model = null

FlashMap:
       Attributes = null

MockHttpServletResponse:
           Status = 200
    Error message = null
          Headers = [Vary:"Origin", "Access-Control-Request-Method", "Access-Control-Request-Headers", Content-Type:"application/json", X-Content-Type-Options:"nosniff", X-XSS-Protection:"0", Cache-Control:"no-cache, no-store, max-age=0, must-revalidate", Pragma:"no-cache", Expires:"0", X-Frame-Options:"DENY"]
     Content type = application/json
             Body = {"token":"eyJhbGciOiJIUzUxMiJ9.eyJyb2xlcyI6WyJWSUNFUlJFQ1RPUkFETyJdLCJzdWIiOiJ0ZXN0IiwiaWF0IjoxNjg0MjU4NDc5LCJleHAiOjE2ODQyNzY0Nzl9.eAIcWaAh97XZgPJNFIPm5zJGKEOnPWrIzNt6vn5rRCIlb-zCIf0HLQK_QHZsc6VZELP92SZ3h1M56oWdBytaiA"}
    Forwarded URL = null
   Redirected URL = null
          Cookies = []
]]></system-out>
  </testcase>
  <testcase name="obtenerUnaPrueba" classname="com.ms1.gestionUsuarios.GestionUsuariosApplicationTests$ModificarSlotConcreto" time="0.074">
    <error message="Java 8 date/time type `java.time.LocalTime` not supported by default: add Module &quot;com.fasterxml.jackson.datatype:jackson-datatype-jsr310&quot; to enable handling (through reference chain: com.ms1.gestionUsuarios.dto.HorarioDTO[&quot;horaInicio&quot;])" type="com.fasterxml.jackson.databind.exc.InvalidDefinitionException">com.fasterxml.jackson.databind.exc.InvalidDefinitionException: Java 8 date/time type `java.time.LocalTime` not supported by default: add Module "com.fasterxml.jackson.datatype:jackson-datatype-jsr310" to enable handling (through reference chain: com.ms1.gestionUsuarios.dto.HorarioDTO["horaInicio"])
	at com.ms1.gestionUsuarios.GestionUsuariosApplicationTests$ModificarSlotConcreto.obtenerUnaPrueba(GestionUsuariosApplicationTests.java:1075)
</error>
    <system-out><![CDATA[2023-05-16T19:34:36.681+02:00  INFO 4973 --- [           main] t.c.s.AnnotationConfigContextLoaderUtils : Could not detect default configuration classes for test class [com.ms1.gestionUsuarios.GestionUsuariosApplicationTests$ModificarSlotConcreto]: ModificarSlotConcreto does not declare any static, non-private, non-final, nested classes annotated with @Configuration.
2023-05-16T19:34:36.683+02:00  INFO 4973 --- [           main] .b.t.c.SpringBootTestContextBootstrapper : Found @SpringBootConfiguration com.ms1.gestionUsuarios.GestionUsuariosApplication for test class com.ms1.gestionUsuarios.GestionUsuariosApplicationTests$ModificarSlotConcreto
]]></system-out>
  </testcase>
  <testcase name="obtenerUnaPrueba" classname="com.ms1.gestionUsuarios.GestionUsuariosApplicationTests$ModificarPruebaConcreta" time="0.069">
    <failure message="Status expected:&lt;200&gt; but was:&lt;401&gt;" type="java.lang.AssertionError"><![CDATA[java.lang.AssertionError: Status expected:<200> but was:<401>
	at com.ms1.gestionUsuarios.GestionUsuariosApplicationTests$ModificarPruebaConcreta.obtenerUnaPrueba(GestionUsuariosApplicationTests.java:803)
]]></failure>
    <system-out><![CDATA[2023-05-16T19:34:37.820+02:00  INFO 4973 --- [           main] t.c.s.AnnotationConfigContextLoaderUtils : Could not detect default configuration classes for test class [com.ms1.gestionUsuarios.GestionUsuariosApplicationTests$ModificarPruebaConcreta]: ModificarPruebaConcreta does not declare any static, non-private, non-final, nested classes annotated with @Configuration.
2023-05-16T19:34:37.821+02:00  INFO 4973 --- [           main] .b.t.c.SpringBootTestContextBootstrapper : Found @SpringBootConfiguration com.ms1.gestionUsuarios.GestionUsuariosApplication for test class com.ms1.gestionUsuarios.GestionUsuariosApplicationTests$ModificarPruebaConcreta
2023-05-16T19:34:37.888+02:00 DEBUG 4973 --- [           main] o.s.security.web.FilterChainProxy        : Securing POST /login
2023-05-16T19:34:37.889+02:00  WARN 4973 --- [           main] c.m.g.security.JwtRequestFilter          : JWT Token does not begin with Bearer String
2023-05-16T19:34:37.889+02:00 DEBUG 4973 --- [           main] o.s.s.w.a.AnonymousAuthenticationFilter  : Set SecurityContextHolder to anonymous SecurityContext
2023-05-16T19:34:37.889+02:00 DEBUG 4973 --- [           main] o.s.security.web.FilterChainProxy        : Secured POST /login

MockHttpServletRequest:
      HTTP Method = POST
      Request URI = /login
       Parameters = {}
          Headers = [Content-Type:"application/json;charset=UTF-8", Content-Length:"34"]
             Body = {"email":"1234","password":"0000"}
    Session Attrs = {}

Handler:
             Type = com.ms1.gestionUsuarios.controller.LoginController
           Method = com.ms1.gestionUsuarios.controller.LoginController#createAuthenticationToken(JwtRequestDTO)

Async:
    Async started = false
     Async result = null

Resolved Exception:
             Type = null

ModelAndView:
        View name = null
             View = null
            Model = null

FlashMap:
       Attributes = null

MockHttpServletResponse:
           Status = 401
    Error message = Unauthorized
          Headers = [Vary:"Origin", "Access-Control-Request-Method", "Access-Control-Request-Headers", X-Content-Type-Options:"nosniff", X-XSS-Protection:"0", Cache-Control:"no-cache, no-store, max-age=0, must-revalidate", Pragma:"no-cache", Expires:"0", X-Frame-Options:"DENY"]
     Content type = null
             Body = 
    Forwarded URL = null
   Redirected URL = null
          Cookies = []
]]></system-out>
  </testcase>
  <testcase name="obtenerMateriaNoExistente" classname="com.ms1.gestionUsuarios.GestionUsuariosApplicationTests$ModificarSlotConcreto" time="0.071">
    <failure message="Status expected:&lt;200&gt; but was:&lt;401&gt;" type="java.lang.AssertionError"><![CDATA[java.lang.AssertionError: Status expected:<200> but was:<401>
	at com.ms1.gestionUsuarios.GestionUsuariosApplicationTests$ModificarSlotConcreto.obtenerMateriaNoExistente(GestionUsuariosApplicationTests.java:1109)
]]></failure>
    <system-out><![CDATA[2023-05-16T19:34:36.827+02:00 DEBUG 4973 --- [           main] o.s.security.web.FilterChainProxy        : Securing POST /login
2023-05-16T19:34:36.827+02:00  WARN 4973 --- [           main] c.m.g.security.JwtRequestFilter          : JWT Token does not begin with Bearer String
2023-05-16T19:34:36.827+02:00 DEBUG 4973 --- [           main] o.s.s.w.a.AnonymousAuthenticationFilter  : Set SecurityContextHolder to anonymous SecurityContext
2023-05-16T19:34:36.828+02:00 DEBUG 4973 --- [           main] o.s.security.web.FilterChainProxy        : Secured POST /login

MockHttpServletRequest:
      HTTP Method = POST
      Request URI = /login
       Parameters = {}
          Headers = [Content-Type:"application/json;charset=UTF-8", Content-Length:"34"]
             Body = {"email":"1234","password":"0000"}
    Session Attrs = {}

Handler:
             Type = com.ms1.gestionUsuarios.controller.LoginController
           Method = com.ms1.gestionUsuarios.controller.LoginController#createAuthenticationToken(JwtRequestDTO)

Async:
    Async started = false
     Async result = null

Resolved Exception:
             Type = null

ModelAndView:
        View name = null
             View = null
            Model = null

FlashMap:
       Attributes = null

MockHttpServletResponse:
           Status = 401
    Error message = Unauthorized
          Headers = [Vary:"Origin", "Access-Control-Request-Method", "Access-Control-Request-Headers", X-Content-Type-Options:"nosniff", X-XSS-Protection:"0", Cache-Control:"no-cache, no-store, max-age=0, must-revalidate", Pragma:"no-cache", Expires:"0", X-Frame-Options:"DENY"]
     Content type = null
             Body = 
    Forwarded URL = null
   Redirected URL = null
          Cookies = []
]]></system-out>
  </testcase>
  <testcase name="obtenerMateriaNoExistente" classname="com.ms1.gestionUsuarios.GestionUsuariosApplicationTests$ModificarPruebaConcreta" time="0.069">
    <failure message="Status expected:&lt;200&gt; but was:&lt;401&gt;" type="java.lang.AssertionError"><![CDATA[java.lang.AssertionError: Status expected:<200> but was:<401>
	at com.ms1.gestionUsuarios.GestionUsuariosApplicationTests$ModificarPruebaConcreta.obtenerMateriaNoExistente(GestionUsuariosApplicationTests.java:848)
]]></failure>
    <system-out><![CDATA[2023-05-16T19:34:37.958+02:00 DEBUG 4973 --- [           main] o.s.security.web.FilterChainProxy        : Securing POST /login
2023-05-16T19:34:37.958+02:00  WARN 4973 --- [           main] c.m.g.security.JwtRequestFilter          : JWT Token does not begin with Bearer String
2023-05-16T19:34:37.958+02:00 DEBUG 4973 --- [           main] o.s.s.w.a.AnonymousAuthenticationFilter  : Set SecurityContextHolder to anonymous SecurityContext
2023-05-16T19:34:37.958+02:00 DEBUG 4973 --- [           main] o.s.security.web.FilterChainProxy        : Secured POST /login

MockHttpServletRequest:
      HTTP Method = POST
      Request URI = /login
       Parameters = {}
          Headers = [Content-Type:"application/json;charset=UTF-8", Content-Length:"34"]
             Body = {"email":"1234","password":"0000"}
    Session Attrs = {}

Handler:
             Type = com.ms1.gestionUsuarios.controller.LoginController
           Method = com.ms1.gestionUsuarios.controller.LoginController#createAuthenticationToken(JwtRequestDTO)

Async:
    Async started = false
     Async result = null

Resolved Exception:
             Type = null

ModelAndView:
        View name = null
             View = null
            Model = null

FlashMap:
       Attributes = null

MockHttpServletResponse:
           Status = 401
    Error message = Unauthorized
          Headers = [Vary:"Origin", "Access-Control-Request-Method", "Access-Control-Request-Headers", X-Content-Type-Options:"nosniff", X-XSS-Protection:"0", Cache-Control:"no-cache, no-store, max-age=0, must-revalidate", Pragma:"no-cache", Expires:"0", X-Frame-Options:"DENY"]
     Content type = null
             Body = 
    Forwarded URL = null
   Redirected URL = null
          Cookies = []
]]></system-out>
  </testcase>
  <testcase name="obtenerMateriaNoExistente" classname="com.ms1.gestionUsuarios.GestionUsuariosApplicationTests$ModificarMateriaConcreto" time="0.131">
    <error message="&apos;name&apos; must not be empty" type="java.lang.IllegalArgumentException">java.lang.IllegalArgumentException: 'name' must not be empty
	at com.ms1.gestionUsuarios.GestionUsuariosApplicationTests$ModificarMateriaConcreto.obtenerMateriaNoExistente(GestionUsuariosApplicationTests.java:564)
</error>
    <system-out><![CDATA[2023-05-16T19:34:39.252+02:00 DEBUG 4973 --- [           main] o.s.security.web.FilterChainProxy        : Securing POST /login
2023-05-16T19:34:39.252+02:00  WARN 4973 --- [           main] c.m.g.security.JwtRequestFilter          : JWT Token does not begin with Bearer String
2023-05-16T19:34:39.252+02:00 DEBUG 4973 --- [           main] o.s.s.w.a.AnonymousAuthenticationFilter  : Set SecurityContextHolder to anonymous SecurityContext
2023-05-16T19:34:39.252+02:00 DEBUG 4973 --- [           main] o.s.security.web.FilterChainProxy        : Secured POST /login

MockHttpServletRequest:
      HTTP Method = POST
      Request URI = /login
       Parameters = {}
          Headers = [Content-Type:"application/json;charset=UTF-8", Content-Length:"34"]
             Body = {"email":"test","password":"test"}
    Session Attrs = {}

Handler:
             Type = com.ms1.gestionUsuarios.controller.LoginController
           Method = com.ms1.gestionUsuarios.controller.LoginController#createAuthenticationToken(JwtRequestDTO)

Async:
    Async started = false
     Async result = null

Resolved Exception:
             Type = null

ModelAndView:
        View name = null
             View = null
            Model = null

FlashMap:
       Attributes = null

MockHttpServletResponse:
           Status = 200
    Error message = null
          Headers = [Vary:"Origin", "Access-Control-Request-Method", "Access-Control-Request-Headers", Content-Type:"application/json", X-Content-Type-Options:"nosniff", X-XSS-Protection:"0", Cache-Control:"no-cache, no-store, max-age=0, must-revalidate", Pragma:"no-cache", Expires:"0", X-Frame-Options:"DENY"]
     Content type = application/json
             Body = {"token":"eyJhbGciOiJIUzUxMiJ9.eyJyb2xlcyI6WyJWSUNFUlJFQ1RPUkFETyJdLCJzdWIiOiJ0ZXN0IiwiaWF0IjoxNjg0MjU4NDc5LCJleHAiOjE2ODQyNzY0Nzl9.eAIcWaAh97XZgPJNFIPm5zJGKEOnPWrIzNt6vn5rRCIlb-zCIf0HLQK_QHZsc6VZELP92SZ3h1M56oWdBytaiA"}
    Forwarded URL = null
   Redirected URL = null
          Cookies = []
]]></system-out>
  </testcase>
  <testcase name="ErrorAlobtenerUnaMateria" classname="com.ms1.gestionUsuarios.GestionUsuariosApplicationTests$ModificarSlotConcreto" time="0.067"/>
  <testcase name="ErrorAlobtenerUnaMateria" classname="com.ms1.gestionUsuarios.GestionUsuariosApplicationTests$ModificarPruebaConcreta" time="0.066"/>
  <testcase name="ErrorAlobtenerUnaMateria" classname="com.ms1.gestionUsuarios.GestionUsuariosApplicationTests$ModificarMateriaConcreto" time="0.067"/>
  <testcase name="ErrorAlobtenerUnaMateria" classname="com.ms1.gestionUsuarios.GestionUsuariosApplicationTests$materiaConcreto" time="0.066"/>
  <testcase name="obtenerUnaMateriaNoExistente" classname="com.ms1.gestionUsuarios.GestionUsuariosApplicationTests$SlotConcreta" time="0.141"/>
  <testcase name="obtenerUnaMateriaNoExistente" classname="com.ms1.gestionUsuarios.GestionUsuariosApplicationTests$pruebaConcreta" time="0.069">
    <failure message="Status expected:&lt;200&gt; but was:&lt;401&gt;" type="java.lang.AssertionError"><![CDATA[java.lang.AssertionError: Status expected:<200> but was:<401>
	at com.ms1.gestionUsuarios.GestionUsuariosApplicationTests$pruebaConcreta.obtenerUnaMateriaNoExistente(GestionUsuariosApplicationTests.java:769)
]]></failure>
    <system-out><![CDATA[2023-05-16T19:34:38.030+02:00  INFO 4973 --- [           main] t.c.s.AnnotationConfigContextLoaderUtils : Could not detect default configuration classes for test class [com.ms1.gestionUsuarios.GestionUsuariosApplicationTests$pruebaConcreta]: pruebaConcreta does not declare any static, non-private, non-final, nested classes annotated with @Configuration.
2023-05-16T19:34:38.031+02:00  INFO 4973 --- [           main] .b.t.c.SpringBootTestContextBootstrapper : Found @SpringBootConfiguration com.ms1.gestionUsuarios.GestionUsuariosApplication for test class com.ms1.gestionUsuarios.GestionUsuariosApplicationTests$pruebaConcreta
2023-05-16T19:34:38.098+02:00 DEBUG 4973 --- [           main] o.s.security.web.FilterChainProxy        : Securing POST /login
2023-05-16T19:34:38.098+02:00  WARN 4973 --- [           main] c.m.g.security.JwtRequestFilter          : JWT Token does not begin with Bearer String
2023-05-16T19:34:38.098+02:00 DEBUG 4973 --- [           main] o.s.s.w.a.AnonymousAuthenticationFilter  : Set SecurityContextHolder to anonymous SecurityContext
2023-05-16T19:34:38.099+02:00 DEBUG 4973 --- [           main] o.s.security.web.FilterChainProxy        : Secured POST /login

MockHttpServletRequest:
      HTTP Method = POST
      Request URI = /login
       Parameters = {}
          Headers = [Content-Type:"application/json;charset=UTF-8", Content-Length:"34"]
             Body = {"email":"1234","password":"0000"}
    Session Attrs = {}

Handler:
             Type = com.ms1.gestionUsuarios.controller.LoginController
           Method = com.ms1.gestionUsuarios.controller.LoginController#createAuthenticationToken(JwtRequestDTO)

Async:
    Async started = false
     Async result = null

Resolved Exception:
             Type = null

ModelAndView:
        View name = null
             View = null
            Model = null

FlashMap:
       Attributes = null

MockHttpServletResponse:
           Status = 401
    Error message = Unauthorized
          Headers = [Vary:"Origin", "Access-Control-Request-Method", "Access-Control-Request-Headers", X-Content-Type-Options:"nosniff", X-XSS-Protection:"0", Cache-Control:"no-cache, no-store, max-age=0, must-revalidate", Pragma:"no-cache", Expires:"0", X-Frame-Options:"DENY"]
     Content type = null
             Body = 
    Forwarded URL = null
   Redirected URL = null
          Cookies = []
]]></system-out>
  </testcase>
  <testcase name="obtenerUnaMateriaNoExistente" classname="com.ms1.gestionUsuarios.GestionUsuariosApplicationTests$materiaConcreto" time="0.134">
    <error message="Request processing failed: com.ms1.gestionUsuarios.exceptios.EntidadNoEncontradaException" type="jakarta.servlet.ServletException">jakarta.servlet.ServletException: Request processing failed: com.ms1.gestionUsuarios.exceptios.EntidadNoEncontradaException
	at com.ms1.gestionUsuarios.GestionUsuariosApplicationTests$materiaConcreto.obtenerUnaMateriaNoExistente(GestionUsuariosApplicationTests.java:513)
Caused by: com.ms1.gestionUsuarios.exceptios.EntidadNoEncontradaException
	at com.ms1.gestionUsuarios.GestionUsuariosApplicationTests$materiaConcreto.obtenerUnaMateriaNoExistente(GestionUsuariosApplicationTests.java:513)
</error>
    <system-out><![CDATA[2023-05-16T19:34:39.385+02:00  INFO 4973 --- [           main] t.c.s.AnnotationConfigContextLoaderUtils : Could not detect default configuration classes for test class [com.ms1.gestionUsuarios.GestionUsuariosApplicationTests$materiaConcreto]: materiaConcreto does not declare any static, non-private, non-final, nested classes annotated with @Configuration.
2023-05-16T19:34:39.386+02:00  INFO 4973 --- [           main] .b.t.c.SpringBootTestContextBootstrapper : Found @SpringBootConfiguration com.ms1.gestionUsuarios.GestionUsuariosApplication for test class com.ms1.gestionUsuarios.GestionUsuariosApplicationTests$materiaConcreto
2023-05-16T19:34:39.452+02:00 DEBUG 4973 --- [           main] o.s.security.web.FilterChainProxy        : Securing POST /login
2023-05-16T19:34:39.453+02:00  WARN 4973 --- [           main] c.m.g.security.JwtRequestFilter          : JWT Token does not begin with Bearer String
2023-05-16T19:34:39.453+02:00 DEBUG 4973 --- [           main] o.s.s.w.a.AnonymousAuthenticationFilter  : Set SecurityContextHolder to anonymous SecurityContext
2023-05-16T19:34:39.453+02:00 DEBUG 4973 --- [           main] o.s.security.web.FilterChainProxy        : Secured POST /login
2023-05-16T19:34:39.516+02:00 DEBUG 4973 --- [           main] o.s.security.web.FilterChainProxy        : Securing GET /materias/0
2023-05-16T19:34:39.517+02:00  WARN 4973 --- [           main] c.m.g.security.JwtRequestFilter          : username = test
2023-05-16T19:34:39.517+02:00  WARN 4973 --- [           main] c.m.g.security.JwtRequestFilter          : [VICERRECTORADO]
2023-05-16T19:34:39.518+02:00  WARN 4973 --- [           main] c.m.g.security.JwtRequestFilter          : usernamePasswordAuthenticationToken = UsernamePasswordAuthenticationToken [Principal=org.springframework.security.core.userdetails.User [Username=test, Password=[PROTECTED], Enabled=true, AccountNonExpired=true, credentialsNonExpired=true, AccountNonLocked=true, Granted Authorities=[ROLE_VICERRECTORADO]], Credentials=[PROTECTED], Authenticated=true, Details=WebAuthenticationDetails [RemoteIpAddress=127.0.0.1, SessionId=null], Granted Authorities=[ROLE_VICERRECTORADO]]
2023-05-16T19:34:39.518+02:00 DEBUG 4973 --- [           main] o.s.security.web.FilterChainProxy        : Secured GET /materias/0
2023-05-16T19:34:39.519+02:00 DEBUG 4973 --- [           main] horizationManagerBeforeMethodInterceptor : Authorizing method invocation ReflectiveMethodInvocation: public com.ms1.gestionUsuarios.dto.AsignaturaDTO com.ms1.gestionUsuarios.controller.AsignaturaRest.obtenerAsignatura(java.lang.Long,org.springframework.web.util.UriComponentsBuilder); target is of class [com.ms1.gestionUsuarios.controller.AsignaturaRest]
2023-05-16T19:34:39.519+02:00 DEBUG 4973 --- [           main] horizationManagerBeforeMethodInterceptor : Authorized method invocation ReflectiveMethodInvocation: public com.ms1.gestionUsuarios.dto.AsignaturaDTO com.ms1.gestionUsuarios.controller.AsignaturaRest.obtenerAsignatura(java.lang.Long,org.springframework.web.util.UriComponentsBuilder); target is of class [com.ms1.gestionUsuarios.controller.AsignaturaRest]

MockHttpServletRequest:
      HTTP Method = POST
      Request URI = /login
       Parameters = {}
          Headers = [Content-Type:"application/json;charset=UTF-8", Content-Length:"34"]
             Body = {"email":"test","password":"test"}
    Session Attrs = {}

Handler:
             Type = com.ms1.gestionUsuarios.controller.LoginController
           Method = com.ms1.gestionUsuarios.controller.LoginController#createAuthenticationToken(JwtRequestDTO)

Async:
    Async started = false
     Async result = null

Resolved Exception:
             Type = null

ModelAndView:
        View name = null
             View = null
            Model = null

FlashMap:
       Attributes = null

MockHttpServletResponse:
           Status = 200
    Error message = null
          Headers = [Vary:"Origin", "Access-Control-Request-Method", "Access-Control-Request-Headers", Content-Type:"application/json", X-Content-Type-Options:"nosniff", X-XSS-Protection:"0", Cache-Control:"no-cache, no-store, max-age=0, must-revalidate", Pragma:"no-cache", Expires:"0", X-Frame-Options:"DENY"]
     Content type = application/json
             Body = {"token":"eyJhbGciOiJIUzUxMiJ9.eyJyb2xlcyI6WyJWSUNFUlJFQ1RPUkFETyJdLCJzdWIiOiJ0ZXN0IiwiaWF0IjoxNjg0MjU4NDc5LCJleHAiOjE2ODQyNzY0Nzl9.eAIcWaAh97XZgPJNFIPm5zJGKEOnPWrIzNt6vn5rRCIlb-zCIf0HLQK_QHZsc6VZELP92SZ3h1M56oWdBytaiA"}
    Forwarded URL = null
   Redirected URL = null
          Cookies = []
]]></system-out>
  </testcase>
  <testcase name="obtenerUnaMateria" classname="com.ms1.gestionUsuarios.GestionUsuariosApplicationTests$SlotConcreta" time="0.139">
    <failure message="Status expected:&lt;200&gt; but was:&lt;404&gt;" type="java.lang.AssertionError"><![CDATA[java.lang.AssertionError: Status expected:<200> but was:<404>
	at com.ms1.gestionUsuarios.GestionUsuariosApplicationTests$SlotConcreta.obtenerUnaMateria(GestionUsuariosApplicationTests.java:1040)
]]></failure>
    <system-out><![CDATA[2023-05-16T19:34:37.112+02:00 DEBUG 4973 --- [           main] o.s.security.web.FilterChainProxy        : Securing POST /login
2023-05-16T19:34:37.113+02:00  WARN 4973 --- [           main] c.m.g.security.JwtRequestFilter          : JWT Token does not begin with Bearer String
2023-05-16T19:34:37.113+02:00 DEBUG 4973 --- [           main] o.s.s.w.a.AnonymousAuthenticationFilter  : Set SecurityContextHolder to anonymous SecurityContext
2023-05-16T19:34:37.113+02:00 DEBUG 4973 --- [           main] o.s.security.web.FilterChainProxy        : Secured POST /login
2023-05-16T19:34:37.177+02:00 DEBUG 4973 --- [           main] o.s.security.web.FilterChainProxy        : Securing GET /slots/1
2023-05-16T19:34:37.179+02:00  WARN 4973 --- [           main] c.m.g.security.JwtRequestFilter          : username = test
2023-05-16T19:34:37.179+02:00  WARN 4973 --- [           main] c.m.g.security.JwtRequestFilter          : [VICERRECTORADO]
2023-05-16T19:34:37.180+02:00  WARN 4973 --- [           main] c.m.g.security.JwtRequestFilter          : usernamePasswordAuthenticationToken = UsernamePasswordAuthenticationToken [Principal=org.springframework.security.core.userdetails.User [Username=test, Password=[PROTECTED], Enabled=true, AccountNonExpired=true, credentialsNonExpired=true, AccountNonLocked=true, Granted Authorities=[ROLE_VICERRECTORADO]], Credentials=[PROTECTED], Authenticated=true, Details=WebAuthenticationDetails [RemoteIpAddress=127.0.0.1, SessionId=null], Granted Authorities=[ROLE_VICERRECTORADO]]
2023-05-16T19:34:37.180+02:00 DEBUG 4973 --- [           main] o.s.security.web.FilterChainProxy        : Secured GET /slots/1

MockHttpServletRequest:
      HTTP Method = POST
      Request URI = /login
       Parameters = {}
          Headers = [Content-Type:"application/json;charset=UTF-8", Content-Length:"34"]
             Body = {"email":"test","password":"test"}
    Session Attrs = {}

Handler:
             Type = com.ms1.gestionUsuarios.controller.LoginController
           Method = com.ms1.gestionUsuarios.controller.LoginController#createAuthenticationToken(JwtRequestDTO)

Async:
    Async started = false
     Async result = null

Resolved Exception:
             Type = null

ModelAndView:
        View name = null
             View = null
            Model = null

FlashMap:
       Attributes = null

MockHttpServletResponse:
           Status = 200
    Error message = null
          Headers = [Vary:"Origin", "Access-Control-Request-Method", "Access-Control-Request-Headers", Content-Type:"application/json", X-Content-Type-Options:"nosniff", X-XSS-Protection:"0", Cache-Control:"no-cache, no-store, max-age=0, must-revalidate", Pragma:"no-cache", Expires:"0", X-Frame-Options:"DENY"]
     Content type = application/json
             Body = {"token":"eyJhbGciOiJIUzUxMiJ9.eyJyb2xlcyI6WyJWSUNFUlJFQ1RPUkFETyJdLCJzdWIiOiJ0ZXN0IiwiaWF0IjoxNjg0MjU4NDc3LCJleHAiOjE2ODQyNzY0Nzd9.lMknl08sDim6zexY_Nnf2F41zl9uTh5zg6fITtxd3YrlNOC8AL7QR-wPJT-VLSxyoH58E-5RujruJJw0104QAA"}
    Forwarded URL = null
   Redirected URL = null
          Cookies = []

MockHttpServletRequest:
      HTTP Method = GET
      Request URI = /slots/1
       Parameters = {}
          Headers = [Authorization:"Bearer eyJhbGciOiJIUzUxMiJ9.eyJyb2xlcyI6WyJWSUNFUlJFQ1RPUkFETyJdLCJzdWIiOiJ0ZXN0IiwiaWF0IjoxNjg0MjU4NDc3LCJleHAiOjE2ODQyNzY0Nzd9.lMknl08sDim6zexY_Nnf2F41zl9uTh5zg6fITtxd3YrlNOC8AL7QR-wPJT-VLSxyoH58E-5RujruJJw0104QAA"]
             Body = null
    Session Attrs = {}

Handler:
             Type = com.ms1.gestionUsuarios.controller.SlotsRest
           Method = com.ms1.gestionUsuarios.controller.SlotsRest#obtenerHorario(Long, UriComponentsBuilder)

Async:
    Async started = false
     Async result = null

Resolved Exception:
             Type = com.ms1.gestionUsuarios.exceptios.EntidadNoEncontradaException

ModelAndView:
        View name = null
             View = null
            Model = null

FlashMap:
       Attributes = null

MockHttpServletResponse:
           Status = 404
    Error message = null
          Headers = [Vary:"Origin", "Access-Control-Request-Method", "Access-Control-Request-Headers", X-Content-Type-Options:"nosniff", X-XSS-Protection:"0", Cache-Control:"no-cache, no-store, max-age=0, must-revalidate", Pragma:"no-cache", Expires:"0", X-Frame-Options:"DENY"]
     Content type = null
             Body = 
    Forwarded URL = null
   Redirected URL = null
          Cookies = []
]]></system-out>
  </testcase>
  <testcase name="obtenerUnaMateria" classname="com.ms1.gestionUsuarios.GestionUsuariosApplicationTests$pruebaConcreta" time="0.069">
    <failure message="Status expected:&lt;200&gt; but was:&lt;401&gt;" type="java.lang.AssertionError"><![CDATA[java.lang.AssertionError: Status expected:<200> but was:<401>
	at com.ms1.gestionUsuarios.GestionUsuariosApplicationTests$pruebaConcreta.obtenerUnaMateria(GestionUsuariosApplicationTests.java:728)
]]></failure>
    <system-out><![CDATA[2023-05-16T19:34:38.167+02:00 DEBUG 4973 --- [           main] o.s.security.web.FilterChainProxy        : Securing POST /login
2023-05-16T19:34:38.167+02:00  WARN 4973 --- [           main] c.m.g.security.JwtRequestFilter          : JWT Token does not begin with Bearer String
2023-05-16T19:34:38.167+02:00 DEBUG 4973 --- [           main] o.s.s.w.a.AnonymousAuthenticationFilter  : Set SecurityContextHolder to anonymous SecurityContext
2023-05-16T19:34:38.168+02:00 DEBUG 4973 --- [           main] o.s.security.web.FilterChainProxy        : Secured POST /login

MockHttpServletRequest:
      HTTP Method = POST
      Request URI = /login
       Parameters = {}
          Headers = [Content-Type:"application/json;charset=UTF-8", Content-Length:"34"]
             Body = {"email":"1234","password":"0000"}
    Session Attrs = {}

Handler:
             Type = com.ms1.gestionUsuarios.controller.LoginController
           Method = com.ms1.gestionUsuarios.controller.LoginController#createAuthenticationToken(JwtRequestDTO)

Async:
    Async started = false
     Async result = null

Resolved Exception:
             Type = null

ModelAndView:
        View name = null
             View = null
            Model = null

FlashMap:
       Attributes = null

MockHttpServletResponse:
           Status = 401
    Error message = Unauthorized
          Headers = [Vary:"Origin", "Access-Control-Request-Method", "Access-Control-Request-Headers", X-Content-Type-Options:"nosniff", X-XSS-Protection:"0", Cache-Control:"no-cache, no-store, max-age=0, must-revalidate", Pragma:"no-cache", Expires:"0", X-Frame-Options:"DENY"]
     Content type = null
             Body = 
    Forwarded URL = null
   Redirected URL = null
          Cookies = []
]]></system-out>
  </testcase>
  <testcase name="obtenerUnaMateria" classname="com.ms1.gestionUsuarios.GestionUsuariosApplicationTests$ModificarMateriaConcreto" time="0.138">
    <failure message="Status expected:&lt;201&gt; but was:&lt;404&gt;" type="java.lang.AssertionError"><![CDATA[java.lang.AssertionError: Status expected:<201> but was:<404>
	at com.ms1.gestionUsuarios.GestionUsuariosApplicationTests$ModificarMateriaConcreto.obtenerUnaMateria(GestionUsuariosApplicationTests.java:534)
]]></failure>
    <system-out><![CDATA[2023-05-16T19:34:39.044+02:00  INFO 4973 --- [           main] t.c.s.AnnotationConfigContextLoaderUtils : Could not detect default configuration classes for test class [com.ms1.gestionUsuarios.GestionUsuariosApplicationTests$ModificarMateriaConcreto]: ModificarMateriaConcreto does not declare any static, non-private, non-final, nested classes annotated with @Configuration.
2023-05-16T19:34:39.045+02:00  INFO 4973 --- [           main] .b.t.c.SpringBootTestContextBootstrapper : Found @SpringBootConfiguration com.ms1.gestionUsuarios.GestionUsuariosApplication for test class com.ms1.gestionUsuarios.GestionUsuariosApplicationTests$ModificarMateriaConcreto
2023-05-16T19:34:39.114+02:00 DEBUG 4973 --- [           main] o.s.security.web.FilterChainProxy        : Securing POST /login
2023-05-16T19:34:39.114+02:00  WARN 4973 --- [           main] c.m.g.security.JwtRequestFilter          : JWT Token does not begin with Bearer String
2023-05-16T19:34:39.114+02:00 DEBUG 4973 --- [           main] o.s.s.w.a.AnonymousAuthenticationFilter  : Set SecurityContextHolder to anonymous SecurityContext
2023-05-16T19:34:39.114+02:00 DEBUG 4973 --- [           main] o.s.security.web.FilterChainProxy        : Secured POST /login
2023-05-16T19:34:39.178+02:00 DEBUG 4973 --- [           main] o.s.security.web.FilterChainProxy        : Securing PUT /materias/52
2023-05-16T19:34:39.179+02:00  WARN 4973 --- [           main] c.m.g.security.JwtRequestFilter          : username = test
2023-05-16T19:34:39.179+02:00  WARN 4973 --- [           main] c.m.g.security.JwtRequestFilter          : [VICERRECTORADO]
2023-05-16T19:34:39.180+02:00  WARN 4973 --- [           main] c.m.g.security.JwtRequestFilter          : usernamePasswordAuthenticationToken = UsernamePasswordAuthenticationToken [Principal=org.springframework.security.core.userdetails.User [Username=test, Password=[PROTECTED], Enabled=true, AccountNonExpired=true, credentialsNonExpired=true, AccountNonLocked=true, Granted Authorities=[ROLE_VICERRECTORADO]], Credentials=[PROTECTED], Authenticated=true, Details=WebAuthenticationDetails [RemoteIpAddress=127.0.0.1, SessionId=null], Granted Authorities=[ROLE_VICERRECTORADO]]
2023-05-16T19:34:39.180+02:00 DEBUG 4973 --- [           main] o.s.security.web.FilterChainProxy        : Secured PUT /materias/52
2023-05-16T19:34:39.182+02:00 DEBUG 4973 --- [           main] horizationManagerBeforeMethodInterceptor : Authorizing method invocation ReflectiveMethodInvocation: public org.springframework.http.ResponseEntity com.ms1.gestionUsuarios.controller.AsignaturaRest.actualizarAsignatura(java.lang.Long,com.ms1.gestionUsuarios.entities.Materia); target is of class [com.ms1.gestionUsuarios.controller.AsignaturaRest]
2023-05-16T19:34:39.182+02:00 DEBUG 4973 --- [           main] horizationManagerBeforeMethodInterceptor : Authorized method invocation ReflectiveMethodInvocation: public org.springframework.http.ResponseEntity com.ms1.gestionUsuarios.controller.AsignaturaRest.actualizarAsignatura(java.lang.Long,com.ms1.gestionUsuarios.entities.Materia); target is of class [com.ms1.gestionUsuarios.controller.AsignaturaRest]

MockHttpServletRequest:
      HTTP Method = POST
      Request URI = /login
       Parameters = {}
          Headers = [Content-Type:"application/json;charset=UTF-8", Content-Length:"34"]
             Body = {"email":"test","password":"test"}
    Session Attrs = {}

Handler:
             Type = com.ms1.gestionUsuarios.controller.LoginController
           Method = com.ms1.gestionUsuarios.controller.LoginController#createAuthenticationToken(JwtRequestDTO)

Async:
    Async started = false
     Async result = null

Resolved Exception:
             Type = null

ModelAndView:
        View name = null
             View = null
            Model = null

FlashMap:
       Attributes = null

MockHttpServletResponse:
           Status = 200
    Error message = null
          Headers = [Vary:"Origin", "Access-Control-Request-Method", "Access-Control-Request-Headers", Content-Type:"application/json", X-Content-Type-Options:"nosniff", X-XSS-Protection:"0", Cache-Control:"no-cache, no-store, max-age=0, must-revalidate", Pragma:"no-cache", Expires:"0", X-Frame-Options:"DENY"]
     Content type = application/json
             Body = {"token":"eyJhbGciOiJIUzUxMiJ9.eyJyb2xlcyI6WyJWSUNFUlJFQ1RPUkFETyJdLCJzdWIiOiJ0ZXN0IiwiaWF0IjoxNjg0MjU4NDc5LCJleHAiOjE2ODQyNzY0Nzl9.eAIcWaAh97XZgPJNFIPm5zJGKEOnPWrIzNt6vn5rRCIlb-zCIf0HLQK_QHZsc6VZELP92SZ3h1M56oWdBytaiA"}
    Forwarded URL = null
   Redirected URL = null
          Cookies = []

MockHttpServletRequest:
      HTTP Method = PUT
      Request URI = /materias/52
       Parameters = {}
          Headers = [Content-Type:"application/json;charset=UTF-8", Authorization:"Bearer eyJhbGciOiJIUzUxMiJ9.eyJyb2xlcyI6WyJWSUNFUlJFQ1RPUkFETyJdLCJzdWIiOiJ0ZXN0IiwiaWF0IjoxNjg0MjU4NDc5LCJleHAiOjE2ODQyNzY0Nzl9.eAIcWaAh97XZgPJNFIPm5zJGKEOnPWrIzNt6vn5rRCIlb-zCIf0HLQK_QHZsc6VZELP92SZ3h1M56oWdBytaiA", Content-Length:"51"]
             Body = {"id":null,"nombre":"matematicas","eliminada":true}
    Session Attrs = {}

Handler:
             Type = com.ms1.gestionUsuarios.controller.AsignaturaRest
           Method = com.ms1.gestionUsuarios.controller.AsignaturaRest#actualizarAsignatura(Long, Materia)

Async:
    Async started = false
     Async result = null

Resolved Exception:
             Type = null

ModelAndView:
        View name = null
             View = null
            Model = null

FlashMap:
       Attributes = null

MockHttpServletResponse:
           Status = 404
    Error message = null
          Headers = [Vary:"Origin", "Access-Control-Request-Method", "Access-Control-Request-Headers", X-Content-Type-Options:"nosniff", X-XSS-Protection:"0", Cache-Control:"no-cache, no-store, max-age=0, must-revalidate", Pragma:"no-cache", Expires:"0", X-Frame-Options:"DENY"]
     Content type = null
             Body = 
    Forwarded URL = null
   Redirected URL = null
          Cookies = []
]]></system-out>
  </testcase>
  <testcase name="obtenerUnaMateria" classname="com.ms1.gestionUsuarios.GestionUsuariosApplicationTests$materiaConcreto" time="0.134">
    <error message="Request processing failed: com.ms1.gestionUsuarios.exceptios.EntidadNoEncontradaException" type="jakarta.servlet.ServletException">jakarta.servlet.ServletException: Request processing failed: com.ms1.gestionUsuarios.exceptios.EntidadNoEncontradaException
	at com.ms1.gestionUsuarios.GestionUsuariosApplicationTests$materiaConcreto.obtenerUnaMateria(GestionUsuariosApplicationTests.java:492)
Caused by: com.ms1.gestionUsuarios.exceptios.EntidadNoEncontradaException
	at com.ms1.gestionUsuarios.GestionUsuariosApplicationTests$materiaConcreto.obtenerUnaMateria(GestionUsuariosApplicationTests.java:492)
</error>
    <system-out><![CDATA[2023-05-16T19:34:39.587+02:00 DEBUG 4973 --- [           main] o.s.security.web.FilterChainProxy        : Securing POST /login
2023-05-16T19:34:39.587+02:00  WARN 4973 --- [           main] c.m.g.security.JwtRequestFilter          : JWT Token does not begin with Bearer String
2023-05-16T19:34:39.587+02:00 DEBUG 4973 --- [           main] o.s.s.w.a.AnonymousAuthenticationFilter  : Set SecurityContextHolder to anonymous SecurityContext
2023-05-16T19:34:39.588+02:00 DEBUG 4973 --- [           main] o.s.security.web.FilterChainProxy        : Secured POST /login
2023-05-16T19:34:39.651+02:00 DEBUG 4973 --- [           main] o.s.security.web.FilterChainProxy        : Securing GET /materias/1
2023-05-16T19:34:39.651+02:00  WARN 4973 --- [           main] c.m.g.security.JwtRequestFilter          : username = test
2023-05-16T19:34:39.652+02:00  WARN 4973 --- [           main] c.m.g.security.JwtRequestFilter          : [VICERRECTORADO]
2023-05-16T19:34:39.652+02:00  WARN 4973 --- [           main] c.m.g.security.JwtRequestFilter          : usernamePasswordAuthenticationToken = UsernamePasswordAuthenticationToken [Principal=org.springframework.security.core.userdetails.User [Username=test, Password=[PROTECTED], Enabled=true, AccountNonExpired=true, credentialsNonExpired=true, AccountNonLocked=true, Granted Authorities=[ROLE_VICERRECTORADO]], Credentials=[PROTECTED], Authenticated=true, Details=WebAuthenticationDetails [RemoteIpAddress=127.0.0.1, SessionId=null], Granted Authorities=[ROLE_VICERRECTORADO]]
2023-05-16T19:34:39.653+02:00 DEBUG 4973 --- [           main] o.s.security.web.FilterChainProxy        : Secured GET /materias/1
2023-05-16T19:34:39.653+02:00 DEBUG 4973 --- [           main] horizationManagerBeforeMethodInterceptor : Authorizing method invocation ReflectiveMethodInvocation: public com.ms1.gestionUsuarios.dto.AsignaturaDTO com.ms1.gestionUsuarios.controller.AsignaturaRest.obtenerAsignatura(java.lang.Long,org.springframework.web.util.UriComponentsBuilder); target is of class [com.ms1.gestionUsuarios.controller.AsignaturaRest]
2023-05-16T19:34:39.653+02:00 DEBUG 4973 --- [           main] horizationManagerBeforeMethodInterceptor : Authorized method invocation ReflectiveMethodInvocation: public com.ms1.gestionUsuarios.dto.AsignaturaDTO com.ms1.gestionUsuarios.controller.AsignaturaRest.obtenerAsignatura(java.lang.Long,org.springframework.web.util.UriComponentsBuilder); target is of class [com.ms1.gestionUsuarios.controller.AsignaturaRest]

MockHttpServletRequest:
      HTTP Method = POST
      Request URI = /login
       Parameters = {}
          Headers = [Content-Type:"application/json;charset=UTF-8", Content-Length:"34"]
             Body = {"email":"test","password":"test"}
    Session Attrs = {}

Handler:
             Type = com.ms1.gestionUsuarios.controller.LoginController
           Method = com.ms1.gestionUsuarios.controller.LoginController#createAuthenticationToken(JwtRequestDTO)

Async:
    Async started = false
     Async result = null

Resolved Exception:
             Type = null

ModelAndView:
        View name = null
             View = null
            Model = null

FlashMap:
       Attributes = null

MockHttpServletResponse:
           Status = 200
    Error message = null
          Headers = [Vary:"Origin", "Access-Control-Request-Method", "Access-Control-Request-Headers", Content-Type:"application/json", X-Content-Type-Options:"nosniff", X-XSS-Protection:"0", Cache-Control:"no-cache, no-store, max-age=0, must-revalidate", Pragma:"no-cache", Expires:"0", X-Frame-Options:"DENY"]
     Content type = application/json
             Body = {"token":"eyJhbGciOiJIUzUxMiJ9.eyJyb2xlcyI6WyJWSUNFUlJFQ1RPUkFETyJdLCJzdWIiOiJ0ZXN0IiwiaWF0IjoxNjg0MjU4NDc5LCJleHAiOjE2ODQyNzY0Nzl9.eAIcWaAh97XZgPJNFIPm5zJGKEOnPWrIzNt6vn5rRCIlb-zCIf0HLQK_QHZsc6VZELP92SZ3h1M56oWdBytaiA"}
    Forwarded URL = null
   Redirected URL = null
          Cookies = []
]]></system-out>
  </testcase>
  <testcase name="ErrorAlobtenerUnaPrueba" classname="com.ms1.gestionUsuarios.GestionUsuariosApplicationTests$SlotConcreta" time="0.069"/>
  <testcase name="ErrorAlobtenerUnaPrueba" classname="com.ms1.gestionUsuarios.GestionUsuariosApplicationTests$pruebaConcreta" time="0.066"/>
  <testcase name="ErrorAlobtenerTodasLasPruebas" classname="com.ms1.gestionUsuarios.GestionUsuariosApplicationTests$CrearSlot" time="0.068"/>
  <testcase name="ErrorAlobtenerTodasLasPruebas" classname="com.ms1.gestionUsuarios.GestionUsuariosApplicationTests$slotSlot" time="0.067"/>
  <testcase name="ErrorAlobtenerTodasLasPruebas" classname="com.ms1.gestionUsuarios.GestionUsuariosApplicationTests$CrearPrueba" time="0.065"/>
  <testcase name="ErrorAlobtenerTodasLasPruebas" classname="com.ms1.gestionUsuarios.GestionUsuariosApplicationTests$pruebaPrueba" time="0.065"/>
  <testcase name="obtenerTodasLasMaterias" classname="com.ms1.gestionUsuarios.GestionUsuariosApplicationTests$CrearSlot" time="0.139">
    <failure message="Status expected:&lt;201&gt; but was:&lt;400&gt;" type="java.lang.AssertionError"><![CDATA[java.lang.AssertionError: Status expected:<201> but was:<400>
	at com.ms1.gestionUsuarios.GestionUsuariosApplicationTests$CrearSlot.obtenerTodasLasMaterias(GestionUsuariosApplicationTests.java:1014)
]]></failure>
    <system-out><![CDATA[2023-05-16T19:34:37.393+02:00 DEBUG 4973 --- [           main] o.s.security.web.FilterChainProxy        : Securing POST /login
2023-05-16T19:34:37.393+02:00  WARN 4973 --- [           main] c.m.g.security.JwtRequestFilter          : JWT Token does not begin with Bearer String
2023-05-16T19:34:37.393+02:00 DEBUG 4973 --- [           main] o.s.s.w.a.AnonymousAuthenticationFilter  : Set SecurityContextHolder to anonymous SecurityContext
2023-05-16T19:34:37.393+02:00 DEBUG 4973 --- [           main] o.s.security.web.FilterChainProxy        : Secured POST /login
2023-05-16T19:34:37.458+02:00 DEBUG 4973 --- [           main] o.s.security.web.FilterChainProxy        : Securing POST /slots
2023-05-16T19:34:37.459+02:00  WARN 4973 --- [           main] c.m.g.security.JwtRequestFilter          : username = test
2023-05-16T19:34:37.459+02:00  WARN 4973 --- [           main] c.m.g.security.JwtRequestFilter          : [VICERRECTORADO]
2023-05-16T19:34:37.460+02:00  WARN 4973 --- [           main] c.m.g.security.JwtRequestFilter          : usernamePasswordAuthenticationToken = UsernamePasswordAuthenticationToken [Principal=org.springframework.security.core.userdetails.User [Username=test, Password=[PROTECTED], Enabled=true, AccountNonExpired=true, credentialsNonExpired=true, AccountNonLocked=true, Granted Authorities=[ROLE_VICERRECTORADO]], Credentials=[PROTECTED], Authenticated=true, Details=WebAuthenticationDetails [RemoteIpAddress=127.0.0.1, SessionId=null], Granted Authorities=[ROLE_VICERRECTORADO]]
2023-05-16T19:34:37.460+02:00 DEBUG 4973 --- [           main] o.s.security.web.FilterChainProxy        : Secured POST /slots
2023-05-16T19:34:37.464+02:00  WARN 4973 --- [           main] .w.s.m.s.DefaultHandlerExceptionResolver : Resolved [org.springframework.http.converter.HttpMessageNotReadableException: Required request body is missing: public org.springframework.http.ResponseEntity<?> com.ms1.gestionUsuarios.controller.SlotsRest.aniadirHorario(com.ms1.gestionUsuarios.dto.HorarioDTO,org.springframework.web.util.UriComponentsBuilder)]

MockHttpServletRequest:
      HTTP Method = POST
      Request URI = /login
       Parameters = {}
          Headers = [Content-Type:"application/json;charset=UTF-8", Content-Length:"34"]
             Body = {"email":"test","password":"test"}
    Session Attrs = {}

Handler:
             Type = com.ms1.gestionUsuarios.controller.LoginController
           Method = com.ms1.gestionUsuarios.controller.LoginController#createAuthenticationToken(JwtRequestDTO)

Async:
    Async started = false
     Async result = null

Resolved Exception:
             Type = null

ModelAndView:
        View name = null
             View = null
            Model = null

FlashMap:
       Attributes = null

MockHttpServletResponse:
           Status = 200
    Error message = null
          Headers = [Vary:"Origin", "Access-Control-Request-Method", "Access-Control-Request-Headers", Content-Type:"application/json", X-Content-Type-Options:"nosniff", X-XSS-Protection:"0", Cache-Control:"no-cache, no-store, max-age=0, must-revalidate", Pragma:"no-cache", Expires:"0", X-Frame-Options:"DENY"]
     Content type = application/json
             Body = {"token":"eyJhbGciOiJIUzUxMiJ9.eyJyb2xlcyI6WyJWSUNFUlJFQ1RPUkFETyJdLCJzdWIiOiJ0ZXN0IiwiaWF0IjoxNjg0MjU4NDc3LCJleHAiOjE2ODQyNzY0Nzd9.lMknl08sDim6zexY_Nnf2F41zl9uTh5zg6fITtxd3YrlNOC8AL7QR-wPJT-VLSxyoH58E-5RujruJJw0104QAA"}
    Forwarded URL = null
   Redirected URL = null
          Cookies = []

MockHttpServletRequest:
      HTTP Method = POST
      Request URI = /slots
       Parameters = {}
          Headers = [Content-Type:"application/json;charset=UTF-8", Authorization:"Bearer eyJhbGciOiJIUzUxMiJ9.eyJyb2xlcyI6WyJWSUNFUlJFQ1RPUkFETyJdLCJzdWIiOiJ0ZXN0IiwiaWF0IjoxNjg0MjU4NDc3LCJleHAiOjE2ODQyNzY0Nzd9.lMknl08sDim6zexY_Nnf2F41zl9uTh5zg6fITtxd3YrlNOC8AL7QR-wPJT-VLSxyoH58E-5RujruJJw0104QAA", Content-Length:"4"]
             Body = null
    Session Attrs = {}

Handler:
             Type = com.ms1.gestionUsuarios.controller.SlotsRest
           Method = com.ms1.gestionUsuarios.controller.SlotsRest#aniadirHorario(HorarioDTO, UriComponentsBuilder)

Async:
    Async started = false
     Async result = null

Resolved Exception:
             Type = org.springframework.http.converter.HttpMessageNotReadableException

ModelAndView:
        View name = null
             View = null
            Model = null

FlashMap:
       Attributes = null

MockHttpServletResponse:
           Status = 400
    Error message = null
          Headers = [Vary:"Origin", "Access-Control-Request-Method", "Access-Control-Request-Headers", X-Content-Type-Options:"nosniff", X-XSS-Protection:"0", Cache-Control:"no-cache, no-store, max-age=0, must-revalidate", Pragma:"no-cache", Expires:"0", X-Frame-Options:"DENY"]
     Content type = null
             Body = 
    Forwarded URL = null
   Redirected URL = null
          Cookies = []
]]></system-out>
  </testcase>
  <testcase name="obtenerTodasLasMaterias" classname="com.ms1.gestionUsuarios.GestionUsuariosApplicationTests$CrearPrueba" time="0.068">
    <failure message="Status expected:&lt;200&gt; but was:&lt;401&gt;" type="java.lang.AssertionError"><![CDATA[java.lang.AssertionError: Status expected:<200> but was:<401>
	at com.ms1.gestionUsuarios.GestionUsuariosApplicationTests$CrearPrueba.obtenerTodasLasMaterias(GestionUsuariosApplicationTests.java:679)
]]></failure>
    <system-out><![CDATA[2023-05-16T19:34:38.372+02:00 DEBUG 4973 --- [           main] o.s.security.web.FilterChainProxy        : Securing POST /login
2023-05-16T19:34:38.372+02:00  WARN 4973 --- [           main] c.m.g.security.JwtRequestFilter          : JWT Token does not begin with Bearer String
2023-05-16T19:34:38.372+02:00 DEBUG 4973 --- [           main] o.s.s.w.a.AnonymousAuthenticationFilter  : Set SecurityContextHolder to anonymous SecurityContext
2023-05-16T19:34:38.372+02:00 DEBUG 4973 --- [           main] o.s.security.web.FilterChainProxy        : Secured POST /login

MockHttpServletRequest:
      HTTP Method = POST
      Request URI = /login
       Parameters = {}
          Headers = [Content-Type:"application/json;charset=UTF-8", Content-Length:"34"]
             Body = {"email":"1234","password":"0000"}
    Session Attrs = {}

Handler:
             Type = com.ms1.gestionUsuarios.controller.LoginController
           Method = com.ms1.gestionUsuarios.controller.LoginController#createAuthenticationToken(JwtRequestDTO)

Async:
    Async started = false
     Async result = null

Resolved Exception:
             Type = null

ModelAndView:
        View name = null
             View = null
            Model = null

FlashMap:
       Attributes = null

MockHttpServletResponse:
           Status = 401
    Error message = Unauthorized
          Headers = [Vary:"Origin", "Access-Control-Request-Method", "Access-Control-Request-Headers", X-Content-Type-Options:"nosniff", X-XSS-Protection:"0", Cache-Control:"no-cache, no-store, max-age=0, must-revalidate", Pragma:"no-cache", Expires:"0", X-Frame-Options:"DENY"]
     Content type = null
             Body = 
    Forwarded URL = null
   Redirected URL = null
          Cookies = []
]]></system-out>
  </testcase>
  <testcase name="obtenerTodasLasMaterias" classname="com.ms1.gestionUsuarios.GestionUsuariosApplicationTests$CrearMaterias" time="0.142">
    <error message="Request processing failed: org.springframework.dao.DataIntegrityViolationException: could not execute statement; SQL [n/a]; constraint [&quot;PUBLIC.UK_J128YVC8MSY1T08OBY50O299O_INDEX_5 ON PUBLIC.MATERIA(NOMBRE NULLS FIRST) VALUES ( /* 2 */ &apos;matematicas&apos; )&quot;; SQL statement:&#10;insert into materia (id, eliminada, nombre) values (default, ?, ?) [23505-214]]" type="jakarta.servlet.ServletException">jakarta.servlet.ServletException: 
Request processing failed: org.springframework.dao.DataIntegrityViolationException: could not execute statement; SQL [n/a]; constraint ["PUBLIC.UK_J128YVC8MSY1T08OBY50O299O_INDEX_5 ON PUBLIC.MATERIA(NOMBRE NULLS FIRST) VALUES ( /* 2 */ 'matematicas' )"; SQL statement:
insert into materia (id, eliminada, nombre) values (default, ?, ?) [23505-214]]
	at com.ms1.gestionUsuarios.GestionUsuariosApplicationTests$CrearMaterias.obtenerTodasLasMaterias(GestionUsuariosApplicationTests.java:463)
Caused by: org.springframework.dao.DataIntegrityViolationException: 
could not execute statement; SQL [n/a]; constraint ["PUBLIC.UK_J128YVC8MSY1T08OBY50O299O_INDEX_5 ON PUBLIC.MATERIA(NOMBRE NULLS FIRST) VALUES ( /* 2 */ 'matematicas' )"; SQL statement:
insert into materia (id, eliminada, nombre) values (default, ?, ?) [23505-214]]
	at com.ms1.gestionUsuarios.GestionUsuariosApplicationTests$CrearMaterias.obtenerTodasLasMaterias(GestionUsuariosApplicationTests.java:463)
Caused by: org.hibernate.exception.ConstraintViolationException: could not execute statement
	at com.ms1.gestionUsuarios.GestionUsuariosApplicationTests$CrearMaterias.obtenerTodasLasMaterias(GestionUsuariosApplicationTests.java:463)
Caused by: org.h2.jdbc.JdbcSQLIntegrityConstraintViolationException: 
Unique index or primary key violation: "PUBLIC.UK_J128YVC8MSY1T08OBY50O299O_INDEX_5 ON PUBLIC.MATERIA(NOMBRE NULLS FIRST) VALUES ( /* 2 */ 'matematicas' )"; SQL statement:
insert into materia (id, eliminada, nombre) values (default, ?, ?) [23505-214]
	at com.ms1.gestionUsuarios.GestionUsuariosApplicationTests$CrearMaterias.obtenerTodasLasMaterias(GestionUsuariosApplicationTests.java:463)
</error>
    <system-out><![CDATA[2023-05-16T19:34:39.723+02:00  INFO 4973 --- [           main] t.c.s.AnnotationConfigContextLoaderUtils : Could not detect default configuration classes for test class [com.ms1.gestionUsuarios.GestionUsuariosApplicationTests$CrearMaterias]: CrearMaterias does not declare any static, non-private, non-final, nested classes annotated with @Configuration.
2023-05-16T19:34:39.724+02:00  INFO 4973 --- [           main] .b.t.c.SpringBootTestContextBootstrapper : Found @SpringBootConfiguration com.ms1.gestionUsuarios.GestionUsuariosApplication for test class com.ms1.gestionUsuarios.GestionUsuariosApplicationTests$CrearMaterias
2023-05-16T19:34:39.791+02:00 DEBUG 4973 --- [           main] o.s.security.web.FilterChainProxy        : Securing POST /login
2023-05-16T19:34:39.791+02:00  WARN 4973 --- [           main] c.m.g.security.JwtRequestFilter          : JWT Token does not begin with Bearer String
2023-05-16T19:34:39.791+02:00 DEBUG 4973 --- [           main] o.s.s.w.a.AnonymousAuthenticationFilter  : Set SecurityContextHolder to anonymous SecurityContext
2023-05-16T19:34:39.791+02:00 DEBUG 4973 --- [           main] o.s.security.web.FilterChainProxy        : Secured POST /login
2023-05-16T19:34:39.854+02:00 DEBUG 4973 --- [           main] o.s.security.web.FilterChainProxy        : Securing POST /materias
2023-05-16T19:34:39.855+02:00  WARN 4973 --- [           main] c.m.g.security.JwtRequestFilter          : username = test
2023-05-16T19:34:39.855+02:00  WARN 4973 --- [           main] c.m.g.security.JwtRequestFilter          : [VICERRECTORADO]
2023-05-16T19:34:39.856+02:00  WARN 4973 --- [           main] c.m.g.security.JwtRequestFilter          : usernamePasswordAuthenticationToken = UsernamePasswordAuthenticationToken [Principal=org.springframework.security.core.userdetails.User [Username=test, Password=[PROTECTED], Enabled=true, AccountNonExpired=true, credentialsNonExpired=true, AccountNonLocked=true, Granted Authorities=[ROLE_VICERRECTORADO]], Credentials=[PROTECTED], Authenticated=true, Details=WebAuthenticationDetails [RemoteIpAddress=127.0.0.1, SessionId=null], Granted Authorities=[ROLE_VICERRECTORADO]]
2023-05-16T19:34:39.856+02:00 DEBUG 4973 --- [           main] o.s.security.web.FilterChainProxy        : Secured POST /materias
2023-05-16T19:34:39.857+02:00 DEBUG 4973 --- [           main] horizationManagerBeforeMethodInterceptor : Authorizing method invocation ReflectiveMethodInvocation: public org.springframework.http.ResponseEntity com.ms1.gestionUsuarios.controller.AsignaturaRest.aniadirAsignatura(com.ms1.gestionUsuarios.dto.AsignaturaDTO,org.springframework.web.util.UriComponentsBuilder); target is of class [com.ms1.gestionUsuarios.controller.AsignaturaRest]
2023-05-16T19:34:39.858+02:00 DEBUG 4973 --- [           main] horizationManagerBeforeMethodInterceptor : Authorized method invocation ReflectiveMethodInvocation: public org.springframework.http.ResponseEntity com.ms1.gestionUsuarios.controller.AsignaturaRest.aniadirAsignatura(com.ms1.gestionUsuarios.dto.AsignaturaDTO,org.springframework.web.util.UriComponentsBuilder); target is of class [com.ms1.gestionUsuarios.controller.AsignaturaRest]
2023-05-16T19:34:39.861+02:00  WARN 4973 --- [           main] o.h.engine.jdbc.spi.SqlExceptionHelper   : SQL Error: 23505, SQLState: 23505
2023-05-16T19:34:39.861+02:00 ERROR 4973 --- [           main] o.h.engine.jdbc.spi.SqlExceptionHelper   : Unique index or primary key violation: "PUBLIC.UK_J128YVC8MSY1T08OBY50O299O_INDEX_5 ON PUBLIC.MATERIA(NOMBRE NULLS FIRST) VALUES ( /* 2 */ 'matematicas' )"; SQL statement:
insert into materia (id, eliminada, nombre) values (default, ?, ?) [23505-214]

MockHttpServletRequest:
      HTTP Method = POST
      Request URI = /login
       Parameters = {}
          Headers = [Content-Type:"application/json;charset=UTF-8", Content-Length:"34"]
             Body = {"email":"test","password":"test"}
    Session Attrs = {}

Handler:
             Type = com.ms1.gestionUsuarios.controller.LoginController
           Method = com.ms1.gestionUsuarios.controller.LoginController#createAuthenticationToken(JwtRequestDTO)

Async:
    Async started = false
     Async result = null

Resolved Exception:
             Type = null

ModelAndView:
        View name = null
             View = null
            Model = null

FlashMap:
       Attributes = null

MockHttpServletResponse:
           Status = 200
    Error message = null
          Headers = [Vary:"Origin", "Access-Control-Request-Method", "Access-Control-Request-Headers", Content-Type:"application/json", X-Content-Type-Options:"nosniff", X-XSS-Protection:"0", Cache-Control:"no-cache, no-store, max-age=0, must-revalidate", Pragma:"no-cache", Expires:"0", X-Frame-Options:"DENY"]
     Content type = application/json
             Body = {"token":"eyJhbGciOiJIUzUxMiJ9.eyJyb2xlcyI6WyJWSUNFUlJFQ1RPUkFETyJdLCJzdWIiOiJ0ZXN0IiwiaWF0IjoxNjg0MjU4NDc5LCJleHAiOjE2ODQyNzY0Nzl9.eAIcWaAh97XZgPJNFIPm5zJGKEOnPWrIzNt6vn5rRCIlb-zCIf0HLQK_QHZsc6VZELP92SZ3h1M56oWdBytaiA"}
    Forwarded URL = null
   Redirected URL = null
          Cookies = []
]]></system-out>
    <system-err><![CDATA[java.lang.instrument.IllegalClassFormatException: Error while instrumenting java/sql/DataTruncation with JaCoCo 0.8.8.202204050719/5dcf34a.
	at org.jacoco.agent.rt.internal_b6258fc.CoverageTransformer.transform(CoverageTransformer.java:94)
	at java.instrument/java.lang.instrument.ClassFileTransformer.transform(ClassFileTransformer.java:244)
	at java.instrument/sun.instrument.TransformerManager.transform(TransformerManager.java:188)
	at java.instrument/sun.instrument.InstrumentationImpl.transform(InstrumentationImpl.java:541)
	at java.base/java.lang.ClassLoader.defineClass2(Native Method)
	at java.base/java.lang.ClassLoader.defineClass(ClassLoader.java:1104)
	at java.base/java.security.SecureClassLoader.defineClass(SecureClassLoader.java:182)
	at java.base/jdk.internal.loader.BuiltinClassLoader.defineClass(BuiltinClassLoader.java:821)
	at java.base/jdk.internal.loader.BuiltinClassLoader.findClassInModuleOrNull(BuiltinClassLoader.java:741)
	at java.base/jdk.internal.loader.BuiltinClassLoader.loadClassOrNull(BuiltinClassLoader.java:665)
	at java.base/jdk.internal.loader.BuiltinClassLoader.loadClassOrNull(BuiltinClassLoader.java:700)
	at java.base/jdk.internal.loader.BuiltinClassLoader.loadClassOrNull(BuiltinClassLoader.java:669)
	at java.base/jdk.internal.loader.BuiltinClassLoader.loadClass(BuiltinClassLoader.java:639)
	at java.base/jdk.internal.loader.ClassLoaders$AppClassLoader.loadClass(ClassLoaders.java:188)
	at java.base/java.lang.ClassLoader.loadClass(ClassLoader.java:521)
	at org.hibernate.exception.internal.SQLExceptionTypeDelegate.convert(SQLExceptionTypeDelegate.java:51)
	at org.hibernate.exception.internal.StandardSQLExceptionConverter.convert(StandardSQLExceptionConverter.java:56)
	at org.hibernate.engine.jdbc.spi.SqlExceptionHelper.convert(SqlExceptionHelper.java:109)
	at org.hibernate.engine.jdbc.spi.SqlExceptionHelper.convert(SqlExceptionHelper.java:95)
	at org.hibernate.engine.jdbc.internal.ResultSetReturnImpl.executeUpdate(ResultSetReturnImpl.java:200)
	at org.hibernate.dialect.identity.GetGeneratedKeysDelegate.executeAndExtract(GetGeneratedKeysDelegate.java:57)
	at org.hibernate.id.insert.AbstractReturningDelegate.performInsert(AbstractReturningDelegate.java:42)
	at org.hibernate.persister.entity.AbstractEntityPersister.insert(AbstractEntityPersister.java:3342)
	at org.hibernate.persister.entity.AbstractEntityPersister.insert(AbstractEntityPersister.java:3980)
	at org.hibernate.action.internal.EntityIdentityInsertAction.execute(EntityIdentityInsertAction.java:80)
	at org.hibernate.engine.spi.ActionQueue.execute(ActionQueue.java:653)
	at org.hibernate.engine.spi.ActionQueue.addResolvedEntityInsertAction(ActionQueue.java:283)
	at org.hibernate.engine.spi.ActionQueue.addInsertAction(ActionQueue.java:264)
	at org.hibernate.engine.spi.ActionQueue.addAction(ActionQueue.java:322)
	at org.hibernate.event.internal.AbstractSaveEventListener.addInsertAction(AbstractSaveEventListener.java:340)
	at org.hibernate.event.internal.AbstractSaveEventListener.performSaveOrReplicate(AbstractSaveEventListener.java:286)
	at org.hibernate.event.internal.AbstractSaveEventListener.performSave(AbstractSaveEventListener.java:192)
	at org.hibernate.event.internal.AbstractSaveEventListener.saveWithGeneratedId(AbstractSaveEventListener.java:122)
	at org.hibernate.event.internal.DefaultMergeEventListener.saveTransientEntity(DefaultMergeEventListener.java:309)
	at org.hibernate.event.internal.DefaultMergeEventListener.entityIsTransient(DefaultMergeEventListener.java:249)
	at org.hibernate.event.internal.DefaultMergeEventListener.entityIsDetached(DefaultMergeEventListener.java:356)
	at org.hibernate.event.internal.DefaultMergeEventListener.onMerge(DefaultMergeEventListener.java:178)
	at org.hibernate.event.internal.DefaultMergeEventListener.onMerge(DefaultMergeEventListener.java:81)
	at org.hibernate.event.service.internal.EventListenerGroupImpl.fireEventOnEachListener(EventListenerGroupImpl.java:107)
	at org.hibernate.internal.SessionImpl.fireMerge(SessionImpl.java:830)
	at org.hibernate.internal.SessionImpl.merge(SessionImpl.java:816)
	at java.base/jdk.internal.reflect.DirectMethodHandleAccessor.invoke(DirectMethodHandleAccessor.java:104)
	at java.base/java.lang.reflect.Method.invoke(Method.java:578)
	at org.springframework.orm.jpa.ExtendedEntityManagerCreator$ExtendedEntityManagerInvocationHandler.invoke(ExtendedEntityManagerCreator.java:360)
	at jdk.proxy2/jdk.proxy2.$Proxy134.merge(Unknown Source)
	at java.base/jdk.internal.reflect.DirectMethodHandleAccessor.invoke(DirectMethodHandleAccessor.java:104)
	at java.base/java.lang.reflect.Method.invoke(Method.java:578)
	at org.springframework.orm.jpa.SharedEntityManagerCreator$SharedEntityManagerInvocationHandler.invoke(SharedEntityManagerCreator.java:311)
	at jdk.proxy2/jdk.proxy2.$Proxy134.merge(Unknown Source)
	at org.springframework.data.jpa.repository.support.SimpleJpaRepository.save(SimpleJpaRepository.java:613)
	at java.base/jdk.internal.reflect.DirectMethodHandleAccessor.invoke(DirectMethodHandleAccessor.java:104)
	at java.base/java.lang.reflect.Method.invoke(Method.java:578)
	at org.springframework.data.repository.core.support.RepositoryMethodInvoker$RepositoryFragmentMethodInvoker.lambda$new$0(RepositoryMethodInvoker.java:288)
	at org.springframework.data.repository.core.support.RepositoryMethodInvoker.doInvoke(RepositoryMethodInvoker.java:136)
	at org.springframework.data.repository.core.support.RepositoryMethodInvoker.invoke(RepositoryMethodInvoker.java:120)
	at org.springframework.data.repository.core.support.RepositoryComposition$RepositoryFragments.invoke(RepositoryComposition.java:516)
	at org.springframework.data.repository.core.support.RepositoryComposition.invoke(RepositoryComposition.java:285)
	at org.springframework.data.repository.core.support.RepositoryFactorySupport$ImplementationMethodExecutionInterceptor.invoke(RepositoryFactorySupport.java:628)
	at org.springframework.aop.framework.ReflectiveMethodInvocation.proceed(ReflectiveMethodInvocation.java:184)
	at org.springframework.data.repository.core.support.QueryExecutorMethodInterceptor.doInvoke(QueryExecutorMethodInterceptor.java:168)
	at org.springframework.data.repository.core.support.QueryExecutorMethodInterceptor.invoke(QueryExecutorMethodInterceptor.java:143)
	at org.springframework.aop.framework.ReflectiveMethodInvocation.proceed(ReflectiveMethodInvocation.java:184)
	at org.springframework.data.projection.DefaultMethodInvokingMethodInterceptor.invoke(DefaultMethodInvokingMethodInterceptor.java:77)
	at org.springframework.aop.framework.ReflectiveMethodInvocation.proceed(ReflectiveMethodInvocation.java:184)
	at org.springframework.transaction.interceptor.TransactionInterceptor$1.proceedWithInvocation(TransactionInterceptor.java:123)
	at org.springframework.transaction.interceptor.TransactionAspectSupport.invokeWithinTransaction(TransactionAspectSupport.java:391)
	at org.springframework.transaction.interceptor.TransactionInterceptor.invoke(TransactionInterceptor.java:119)
	at org.springframework.aop.framework.ReflectiveMethodInvocation.proceed(ReflectiveMethodInvocation.java:184)
	at org.springframework.dao.support.PersistenceExceptionTranslationInterceptor.invoke(PersistenceExceptionTranslationInterceptor.java:137)
	at org.springframework.aop.framework.ReflectiveMethodInvocation.proceed(ReflectiveMethodInvocation.java:184)
	at org.springframework.data.jpa.repository.support.CrudMethodMetadataPostProcessor$CrudMethodMetadataPopulatingMethodInterceptor.invoke(CrudMethodMetadataPostProcessor.java:163)
	at org.springframework.aop.framework.ReflectiveMethodInvocation.proceed(ReflectiveMethodInvocation.java:184)
	at org.springframework.aop.interceptor.ExposeInvocationInterceptor.invoke(ExposeInvocationInterceptor.java:97)
	at org.springframework.aop.framework.ReflectiveMethodInvocation.proceed(ReflectiveMethodInvocation.java:184)
	at org.springframework.aop.framework.JdkDynamicAopProxy.invoke(JdkDynamicAopProxy.java:223)
	at jdk.proxy2/jdk.proxy2.$Proxy138.save(Unknown Source)
	at com.ms1.gestionUsuarios.controller.AsignaturaRest.aniadirAsignatura(AsignaturaRest.java:56)
	at java.base/jdk.internal.reflect.DirectMethodHandleAccessor.invoke(DirectMethodHandleAccessor.java:104)
	at java.base/java.lang.reflect.Method.invoke(Method.java:578)
	at org.springframework.aop.support.AopUtils.invokeJoinpointUsingReflection(AopUtils.java:343)
	at org.springframework.aop.framework.ReflectiveMethodInvocation.invokeJoinpoint(ReflectiveMethodInvocation.java:196)
	at org.springframework.aop.framework.ReflectiveMethodInvocation.proceed(ReflectiveMethodInvocation.java:163)
	at org.springframework.aop.framework.CglibAopProxy$CglibMethodInvocation.proceed(CglibAopProxy.java:750)
	at org.springframework.security.authorization.method.AuthorizationManagerBeforeMethodInterceptor.invoke(AuthorizationManagerBeforeMethodInterceptor.java:199)
	at org.springframework.aop.framework.ReflectiveMethodInvocation.proceed(ReflectiveMethodInvocation.java:184)
	at org.springframework.aop.framework.CglibAopProxy$CglibMethodInvocation.proceed(CglibAopProxy.java:750)
	at org.springframework.aop.framework.CglibAopProxy$DynamicAdvisedInterceptor.intercept(CglibAopProxy.java:702)
	at com.ms1.gestionUsuarios.controller.AsignaturaRest$$SpringCGLIB$$0.aniadirAsignatura(<generated>)
	at java.base/jdk.internal.reflect.DirectMethodHandleAccessor.invoke(DirectMethodHandleAccessor.java:104)
	at java.base/java.lang.reflect.Method.invoke(Method.java:578)
	at org.springframework.web.method.support.InvocableHandlerMethod.doInvoke(InvocableHandlerMethod.java:207)
	at org.springframework.web.method.support.InvocableHandlerMethod.invokeForRequest(InvocableHandlerMethod.java:152)
	at org.springframework.web.servlet.mvc.method.annotation.ServletInvocableHandlerMethod.invokeAndHandle(ServletInvocableHandlerMethod.java:118)
	at org.springframework.web.servlet.mvc.method.annotation.RequestMappingHandlerAdapter.invokeHandlerMethod(RequestMappingHandlerAdapter.java:884)
	at org.springframework.web.servlet.mvc.method.annotation.RequestMappingHandlerAdapter.handleInternal(RequestMappingHandlerAdapter.java:797)
	at org.springframework.web.servlet.mvc.method.AbstractHandlerMethodAdapter.handle(AbstractHandlerMethodAdapter.java:87)
	at org.springframework.web.servlet.DispatcherServlet.doDispatch(DispatcherServlet.java:1081)
	at org.springframework.web.servlet.DispatcherServlet.doService(DispatcherServlet.java:974)
	at org.springframework.web.servlet.FrameworkServlet.processRequest(FrameworkServlet.java:1011)
	at org.springframework.web.servlet.FrameworkServlet.doPost(FrameworkServlet.java:914)
	at jakarta.servlet.http.HttpServlet.service(HttpServlet.java:590)
	at org.springframework.web.servlet.FrameworkServlet.service(FrameworkServlet.java:885)
	at org.springframework.test.web.servlet.TestDispatcherServlet.service(TestDispatcherServlet.java:72)
	at jakarta.servlet.http.HttpServlet.service(HttpServlet.java:658)
	at org.springframework.mock.web.MockFilterChain$ServletFilterProxy.doFilter(MockFilterChain.java:165)
	at org.springframework.mock.web.MockFilterChain.doFilter(MockFilterChain.java:132)
	at org.springframework.web.filter.OncePerRequestFilter.doFilter(OncePerRequestFilter.java:110)
	at org.springframework.mock.web.MockFilterChain.doFilter(MockFilterChain.java:132)
	at org.springframework.security.web.FilterChainProxy.lambda$doFilterInternal$3(FilterChainProxy.java:231)
	at org.springframework.security.web.FilterChainProxy$VirtualFilterChain.doFilter(FilterChainProxy.java:365)
	at org.springframework.security.web.access.intercept.AuthorizationFilter.doFilter(AuthorizationFilter.java:100)
	at org.springframework.security.web.FilterChainProxy$VirtualFilterChain.doFilter(FilterChainProxy.java:374)
	at org.springframework.security.web.access.ExceptionTranslationFilter.doFilter(ExceptionTranslationFilter.java:126)
	at org.springframework.security.web.access.ExceptionTranslationFilter.doFilter(ExceptionTranslationFilter.java:120)
	at org.springframework.security.web.FilterChainProxy$VirtualFilterChain.doFilter(FilterChainProxy.java:374)
	at org.springframework.security.web.session.SessionManagementFilter.doFilter(SessionManagementFilter.java:131)
	at org.springframework.security.web.session.SessionManagementFilter.doFilter(SessionManagementFilter.java:85)
	at org.springframework.security.web.FilterChainProxy$VirtualFilterChain.doFilter(FilterChainProxy.java:374)
	at org.springframework.security.web.authentication.AnonymousAuthenticationFilter.doFilter(AnonymousAuthenticationFilter.java:100)
	at org.springframework.security.web.FilterChainProxy$VirtualFilterChain.doFilter(FilterChainProxy.java:374)
	at org.springframework.security.web.servletapi.SecurityContextHolderAwareRequestFilter.doFilter(SecurityContextHolderAwareRequestFilter.java:179)
	at org.springframework.security.web.FilterChainProxy$VirtualFilterChain.doFilter(FilterChainProxy.java:374)
	at org.springframework.security.web.savedrequest.RequestCacheAwareFilter.doFilter(RequestCacheAwareFilter.java:63)
	at org.springframework.security.web.FilterChainProxy$VirtualFilterChain.doFilter(FilterChainProxy.java:374)
	at com.ms1.gestionUsuarios.security.JwtRequestFilter.doFilterInternal(JwtRequestFilter.java:88)
	at org.springframework.web.filter.OncePerRequestFilter.doFilter(OncePerRequestFilter.java:116)
	at org.springframework.security.web.FilterChainProxy$VirtualFilterChain.doFilter(FilterChainProxy.java:374)
	at org.springframework.security.web.authentication.logout.LogoutFilter.doFilter(LogoutFilter.java:107)
	at org.springframework.security.web.authentication.logout.LogoutFilter.doFilter(LogoutFilter.java:93)
	at org.springframework.security.web.FilterChainProxy$VirtualFilterChain.doFilter(FilterChainProxy.java:374)
	at org.springframework.web.filter.CorsFilter.doFilterInternal(CorsFilter.java:91)
	at org.springframework.web.filter.OncePerRequestFilter.doFilter(OncePerRequestFilter.java:116)
	at org.springframework.security.web.FilterChainProxy$VirtualFilterChain.doFilter(FilterChainProxy.java:374)
	at org.springframework.security.web.header.HeaderWriterFilter.doHeadersAfter(HeaderWriterFilter.java:90)
	at org.springframework.security.web.header.HeaderWriterFilter.doFilterInternal(HeaderWriterFilter.java:75)
	at org.springframework.web.filter.OncePerRequestFilter.doFilter(OncePerRequestFilter.java:116)
	at org.springframework.security.web.FilterChainProxy$VirtualFilterChain.doFilter(FilterChainProxy.java:374)
	at org.springframework.security.web.context.SecurityContextHolderFilter.doFilter(SecurityContextHolderFilter.java:82)
	at org.springframework.security.web.context.SecurityContextHolderFilter.doFilter(SecurityContextHolderFilter.java:69)
	at org.springframework.security.web.FilterChainProxy$VirtualFilterChain.doFilter(FilterChainProxy.java:374)
	at org.springframework.security.web.context.request.async.WebAsyncManagerIntegrationFilter.doFilterInternal(WebAsyncManagerIntegrationFilter.java:62)
	at org.springframework.web.filter.OncePerRequestFilter.doFilter(OncePerRequestFilter.java:116)
	at org.springframework.security.web.FilterChainProxy$VirtualFilterChain.doFilter(FilterChainProxy.java:374)
	at org.springframework.security.web.session.DisableEncodeUrlFilter.doFilterInternal(DisableEncodeUrlFilter.java:42)
	at org.springframework.web.filter.OncePerRequestFilter.doFilter(OncePerRequestFilter.java:116)
	at org.springframework.security.web.FilterChainProxy$VirtualFilterChain.doFilter(FilterChainProxy.java:374)
	at org.springframework.security.web.FilterChainProxy.doFilterInternal(FilterChainProxy.java:233)
	at org.springframework.security.web.FilterChainProxy.doFilter(FilterChainProxy.java:191)
	at org.springframework.web.filter.DelegatingFilterProxy.invokeDelegate(DelegatingFilterProxy.java:352)
	at org.springframework.web.filter.DelegatingFilterProxy.doFilter(DelegatingFilterProxy.java:268)
	at org.springframework.mock.web.MockFilterChain.doFilter(MockFilterChain.java:132)
	at org.springframework.web.filter.RequestContextFilter.doFilterInternal(RequestContextFilter.java:100)
	at org.springframework.web.filter.OncePerRequestFilter.doFilter(OncePerRequestFilter.java:116)
	at org.springframework.mock.web.MockFilterChain.doFilter(MockFilterChain.java:132)
	at org.springframework.web.filter.FormContentFilter.doFilterInternal(FormContentFilter.java:93)
	at org.springframework.web.filter.OncePerRequestFilter.doFilter(OncePerRequestFilter.java:116)
	at org.springframework.mock.web.MockFilterChain.doFilter(MockFilterChain.java:132)
	at org.springframework.web.filter.CharacterEncodingFilter.doFilterInternal(CharacterEncodingFilter.java:201)
	at org.springframework.web.filter.OncePerRequestFilter.doFilter(OncePerRequestFilter.java:116)
	at org.springframework.mock.web.MockFilterChain.doFilter(MockFilterChain.java:132)
	at org.springframework.test.web.servlet.MockMvc.perform(MockMvc.java:201)
	at com.ms1.gestionUsuarios.GestionUsuariosApplicationTests$CrearMaterias.obtenerTodasLasMaterias(GestionUsuariosApplicationTests.java:463)
	at java.base/jdk.internal.reflect.DirectMethodHandleAccessor.invoke(DirectMethodHandleAccessor.java:104)
	at java.base/java.lang.reflect.Method.invoke(Method.java:578)
	at org.junit.platform.commons.util.ReflectionUtils.invokeMethod(ReflectionUtils.java:727)
	at org.junit.jupiter.engine.execution.MethodInvocation.proceed(MethodInvocation.java:60)
	at org.junit.jupiter.engine.execution.InvocationInterceptorChain$ValidatingInvocation.proceed(InvocationInterceptorChain.java:131)
	at org.junit.jupiter.engine.extension.TimeoutExtension.intercept(TimeoutExtension.java:156)
	at org.junit.jupiter.engine.extension.TimeoutExtension.interceptTestableMethod(TimeoutExtension.java:147)
	at org.junit.jupiter.engine.extension.TimeoutExtension.interceptTestMethod(TimeoutExtension.java:86)
	at org.junit.jupiter.engine.execution.InterceptingExecutableInvoker$ReflectiveInterceptorCall.lambda$ofVoidMethod$0(InterceptingExecutableInvoker.java:103)
	at org.junit.jupiter.engine.execution.InterceptingExecutableInvoker.lambda$invoke$0(InterceptingExecutableInvoker.java:93)
	at org.junit.jupiter.engine.execution.InvocationInterceptorChain$InterceptedInvocation.proceed(InvocationInterceptorChain.java:106)
	at org.junit.jupiter.engine.execution.InvocationInterceptorChain.proceed(InvocationInterceptorChain.java:64)
	at org.junit.jupiter.engine.execution.InvocationInterceptorChain.chainAndInvoke(InvocationInterceptorChain.java:45)
	at org.junit.jupiter.engine.execution.InvocationInterceptorChain.invoke(InvocationInterceptorChain.java:37)
	at org.junit.jupiter.engine.execution.InterceptingExecutableInvoker.invoke(InterceptingExecutableInvoker.java:92)
	at org.junit.jupiter.engine.execution.InterceptingExecutableInvoker.invoke(InterceptingExecutableInvoker.java:86)
	at org.junit.jupiter.engine.descriptor.TestMethodTestDescriptor.lambda$invokeTestMethod$7(TestMethodTestDescriptor.java:217)
	at org.junit.platform.engine.support.hierarchical.ThrowableCollector.execute(ThrowableCollector.java:73)
	at org.junit.jupiter.engine.descriptor.TestMethodTestDescriptor.invokeTestMethod(TestMethodTestDescriptor.java:213)
	at org.junit.jupiter.engine.descriptor.TestMethodTestDescriptor.execute(TestMethodTestDescriptor.java:138)
	at org.junit.jupiter.engine.descriptor.TestMethodTestDescriptor.execute(TestMethodTestDescriptor.java:68)
	at org.junit.platform.engine.support.hierarchical.NodeTestTask.lambda$executeRecursively$6(NodeTestTask.java:151)
	at org.junit.platform.engine.support.hierarchical.ThrowableCollector.execute(ThrowableCollector.java:73)
	at org.junit.platform.engine.support.hierarchical.NodeTestTask.lambda$executeRecursively$8(NodeTestTask.java:141)
	at org.junit.platform.engine.support.hierarchical.Node.around(Node.java:137)
	at org.junit.platform.engine.support.hierarchical.NodeTestTask.lambda$executeRecursively$9(NodeTestTask.java:139)
	at org.junit.platform.engine.support.hierarchical.ThrowableCollector.execute(ThrowableCollector.java:73)
	at org.junit.platform.engine.support.hierarchical.NodeTestTask.executeRecursively(NodeTestTask.java:138)
	at org.junit.platform.engine.support.hierarchical.NodeTestTask.execute(NodeTestTask.java:95)
	at java.base/java.util.ArrayList.forEach(ArrayList.java:1511)
	at org.junit.platform.engine.support.hierarchical.SameThreadHierarchicalTestExecutorService.invokeAll(SameThreadHierarchicalTestExecutorService.java:41)
	at org.junit.platform.engine.support.hierarchical.NodeTestTask.lambda$executeRecursively$6(NodeTestTask.java:155)
	at org.junit.platform.engine.support.hierarchical.ThrowableCollector.execute(ThrowableCollector.java:73)
	at org.junit.platform.engine.support.hierarchical.NodeTestTask.lambda$executeRecursively$8(NodeTestTask.java:141)
	at org.junit.platform.engine.support.hierarchical.Node.around(Node.java:137)
	at org.junit.platform.engine.support.hierarchical.NodeTestTask.lambda$executeRecursively$9(NodeTestTask.java:139)
	at org.junit.platform.engine.support.hierarchical.ThrowableCollector.execute(ThrowableCollector.java:73)
	at org.junit.platform.engine.support.hierarchical.NodeTestTask.executeRecursively(NodeTestTask.java:138)
	at org.junit.platform.engine.support.hierarchical.NodeTestTask.execute(NodeTestTask.java:95)
	at java.base/java.util.ArrayList.forEach(ArrayList.java:1511)
	at org.junit.platform.engine.support.hierarchical.SameThreadHierarchicalTestExecutorService.invokeAll(SameThreadHierarchicalTestExecutorService.java:41)
	at org.junit.platform.engine.support.hierarchical.NodeTestTask.lambda$executeRecursively$6(NodeTestTask.java:155)
	at org.junit.platform.engine.support.hierarchical.ThrowableCollector.execute(ThrowableCollector.java:73)
	at org.junit.platform.engine.support.hierarchical.NodeTestTask.lambda$executeRecursively$8(NodeTestTask.java:141)
	at org.junit.platform.engine.support.hierarchical.Node.around(Node.java:137)
	at org.junit.platform.engine.support.hierarchical.NodeTestTask.lambda$executeRecursively$9(NodeTestTask.java:139)
	at org.junit.platform.engine.support.hierarchical.ThrowableCollector.execute(ThrowableCollector.java:73)
	at org.junit.platform.engine.support.hierarchical.NodeTestTask.executeRecursively(NodeTestTask.java:138)
	at org.junit.platform.engine.support.hierarchical.NodeTestTask.execute(NodeTestTask.java:95)
	at java.base/java.util.ArrayList.forEach(ArrayList.java:1511)
	at org.junit.platform.engine.support.hierarchical.SameThreadHierarchicalTestExecutorService.invokeAll(SameThreadHierarchicalTestExecutorService.java:41)
	at org.junit.platform.engine.support.hierarchical.NodeTestTask.lambda$executeRecursively$6(NodeTestTask.java:155)
	at org.junit.platform.engine.support.hierarchical.ThrowableCollector.execute(ThrowableCollector.java:73)
	at org.junit.platform.engine.support.hierarchical.NodeTestTask.lambda$executeRecursively$8(NodeTestTask.java:141)
	at org.junit.platform.engine.support.hierarchical.Node.around(Node.java:137)
	at org.junit.platform.engine.support.hierarchical.NodeTestTask.lambda$executeRecursively$9(NodeTestTask.java:139)
	at org.junit.platform.engine.support.hierarchical.ThrowableCollector.execute(ThrowableCollector.java:73)
	at org.junit.platform.engine.support.hierarchical.NodeTestTask.executeRecursively(NodeTestTask.java:138)
	at org.junit.platform.engine.support.hierarchical.NodeTestTask.execute(NodeTestTask.java:95)
	at org.junit.platform.engine.support.hierarchical.SameThreadHierarchicalTestExecutorService.submit(SameThreadHierarchicalTestExecutorService.java:35)
	at org.junit.platform.engine.support.hierarchical.HierarchicalTestExecutor.execute(HierarchicalTestExecutor.java:57)
	at org.junit.platform.engine.support.hierarchical.HierarchicalTestEngine.execute(HierarchicalTestEngine.java:54)
	at org.junit.platform.launcher.core.DefaultLauncher.execute(DefaultLauncher.java:220)
	at org.junit.platform.launcher.core.DefaultLauncher.lambda$execute$6(DefaultLauncher.java:188)
	at org.junit.platform.launcher.core.DefaultLauncher.withInterceptedStreams(DefaultLauncher.java:202)
	at org.junit.platform.launcher.core.DefaultLauncher.execute(DefaultLauncher.java:181)
	at org.junit.platform.launcher.core.DefaultLauncher.execute(DefaultLauncher.java:128)
	at org.apache.maven.surefire.junitplatform.JUnitPlatformProvider.invokeAllTests(JUnitPlatformProvider.java:150)
	at org.apache.maven.surefire.junitplatform.JUnitPlatformProvider.invoke(JUnitPlatformProvider.java:124)
	at org.apache.maven.surefire.booter.ForkedBooter.invokeProviderInSameClassLoader(ForkedBooter.java:384)
	at org.apache.maven.surefire.booter.ForkedBooter.runSuitesInProcess(ForkedBooter.java:345)
	at org.apache.maven.surefire.booter.ForkedBooter.execute(ForkedBooter.java:126)
	at org.apache.maven.surefire.booter.ForkedBooter.main(ForkedBooter.java:418)
Caused by: java.io.IOException: Error while instrumenting java/sql/DataTruncation with JaCoCo 0.8.8.202204050719/5dcf34a.
	at org.jacoco.agent.rt.internal_b6258fc.core.instr.Instrumenter.instrumentError(Instrumenter.java:161)
	at org.jacoco.agent.rt.internal_b6258fc.core.instr.Instrumenter.instrument(Instrumenter.java:111)
	at org.jacoco.agent.rt.internal_b6258fc.CoverageTransformer.transform(CoverageTransformer.java:92)
	... 234 more
Caused by: java.lang.IllegalArgumentException: Unsupported class file major version 64
	at org.jacoco.agent.rt.internal_b6258fc.asm.ClassReader.<init>(ClassReader.java:199)
	at org.jacoco.agent.rt.internal_b6258fc.asm.ClassReader.<init>(ClassReader.java:180)
	at org.jacoco.agent.rt.internal_b6258fc.asm.ClassReader.<init>(ClassReader.java:166)
	at org.jacoco.agent.rt.internal_b6258fc.core.internal.instr.InstrSupport.classReaderFor(InstrSupport.java:280)
	at org.jacoco.agent.rt.internal_b6258fc.core.instr.Instrumenter.instrument(Instrumenter.java:77)
	at org.jacoco.agent.rt.internal_b6258fc.core.instr.Instrumenter.instrument(Instrumenter.java:109)
	... 235 more
]]></system-err>
  </testcase>
  <testcase name="obtenerTodasLasMaterias" classname="com.ms1.gestionUsuarios.GestionUsuariosApplicationTests$getMaterias" time="0.135"/>
  <testcase name="obtenerTodasLasPruebas" classname="com.ms1.gestionUsuarios.GestionUsuariosApplicationTests$slotSlot" time="0.069">
    <failure message="Status expected:&lt;200&gt; but was:&lt;401&gt;" type="java.lang.AssertionError"><![CDATA[java.lang.AssertionError: Status expected:<200> but was:<401>
	at com.ms1.gestionUsuarios.GestionUsuariosApplicationTests$slotSlot.obtenerTodasLasPruebas(GestionUsuariosApplicationTests.java:968)
]]></failure>
    <system-out><![CDATA[2023-05-16T19:34:37.604+02:00 DEBUG 4973 --- [           main] o.s.security.web.FilterChainProxy        : Securing POST /login
2023-05-16T19:34:37.604+02:00  WARN 4973 --- [           main] c.m.g.security.JwtRequestFilter          : JWT Token does not begin with Bearer String
2023-05-16T19:34:37.604+02:00 DEBUG 4973 --- [           main] o.s.s.w.a.AnonymousAuthenticationFilter  : Set SecurityContextHolder to anonymous SecurityContext
2023-05-16T19:34:37.605+02:00 DEBUG 4973 --- [           main] o.s.security.web.FilterChainProxy        : Secured POST /login

MockHttpServletRequest:
      HTTP Method = POST
      Request URI = /login
       Parameters = {}
          Headers = [Content-Type:"application/json;charset=UTF-8", Content-Length:"34"]
             Body = {"email":"1234","password":"0000"}
    Session Attrs = {}

Handler:
             Type = com.ms1.gestionUsuarios.controller.LoginController
           Method = com.ms1.gestionUsuarios.controller.LoginController#createAuthenticationToken(JwtRequestDTO)

Async:
    Async started = false
     Async result = null

Resolved Exception:
             Type = null

ModelAndView:
        View name = null
             View = null
            Model = null

FlashMap:
       Attributes = null

MockHttpServletResponse:
           Status = 401
    Error message = Unauthorized
          Headers = [Vary:"Origin", "Access-Control-Request-Method", "Access-Control-Request-Headers", X-Content-Type-Options:"nosniff", X-XSS-Protection:"0", Cache-Control:"no-cache, no-store, max-age=0, must-revalidate", Pragma:"no-cache", Expires:"0", X-Frame-Options:"DENY"]
     Content type = null
             Body = 
    Forwarded URL = null
   Redirected URL = null
          Cookies = []
]]></system-out>
  </testcase>
  <testcase name="obtenerTodasLasPruebas" classname="com.ms1.gestionUsuarios.GestionUsuariosApplicationTests$pruebaPrueba" time="0.071">
    <failure message="Status expected:&lt;200&gt; but was:&lt;401&gt;" type="java.lang.AssertionError"><![CDATA[java.lang.AssertionError: Status expected:<200> but was:<401>
	at com.ms1.gestionUsuarios.GestionUsuariosApplicationTests$pruebaPrueba.obtenerTodasLasPruebas(GestionUsuariosApplicationTests.java:631)
]]></failure>
    <system-out><![CDATA[2023-05-16T19:34:38.512+02:00 DEBUG 4973 --- [           main] o.s.security.web.FilterChainProxy        : Securing POST /login
2023-05-16T19:34:38.513+02:00  WARN 4973 --- [           main] c.m.g.security.JwtRequestFilter          : JWT Token does not begin with Bearer String
2023-05-16T19:34:38.513+02:00 DEBUG 4973 --- [           main] o.s.s.w.a.AnonymousAuthenticationFilter  : Set SecurityContextHolder to anonymous SecurityContext
2023-05-16T19:34:38.513+02:00 DEBUG 4973 --- [           main] o.s.security.web.FilterChainProxy        : Secured POST /login

MockHttpServletRequest:
      HTTP Method = POST
      Request URI = /login
       Parameters = {}
          Headers = [Content-Type:"application/json;charset=UTF-8", Content-Length:"34"]
             Body = {"email":"1234","password":"0000"}
    Session Attrs = {}

Handler:
             Type = com.ms1.gestionUsuarios.controller.LoginController
           Method = com.ms1.gestionUsuarios.controller.LoginController#createAuthenticationToken(JwtRequestDTO)

Async:
    Async started = false
     Async result = null

Resolved Exception:
             Type = null

ModelAndView:
        View name = null
             View = null
            Model = null

FlashMap:
       Attributes = null

MockHttpServletResponse:
           Status = 401
    Error message = Unauthorized
          Headers = [Vary:"Origin", "Access-Control-Request-Method", "Access-Control-Request-Headers", X-Content-Type-Options:"nosniff", X-XSS-Protection:"0", Cache-Control:"no-cache, no-store, max-age=0, must-revalidate", Pragma:"no-cache", Expires:"0", X-Frame-Options:"DENY"]
     Content type = null
             Body = 
    Forwarded URL = null
   Redirected URL = null
          Cookies = []
]]></system-out>
  </testcase>
  <testcase name="ErrorAlobtenerTodasLasMaterias" classname="com.ms1.gestionUsuarios.GestionUsuariosApplicationTests$CrearMaterias" time="0.066"/>
  <testcase name="ErrorAlobtenerTodasLasMaterias" classname="com.ms1.gestionUsuarios.GestionUsuariosApplicationTests$getMaterias" time="0.065"/>
  <testcase name="eliminarUsuario" classname="com.ms1.gestionUsuarios.GestionUsuariosApplicationTests$BorrarusuarioConcreto" time="0.198"/>
  <testcase name="eliminarUsuarioNoExistente" classname="com.ms1.gestionUsuarios.GestionUsuariosApplicationTests$BorrarusuarioConcreto" time="0.133"/>
  <testcase name="ErrorAlobtenerUnUsuarios" classname="com.ms1.gestionUsuarios.GestionUsuariosApplicationTests$BorrarusuarioConcreto" time="0.066"/>
  <testcase name="ErrorAlobtenerUnUsuarios" classname="com.ms1.gestionUsuarios.GestionUsuariosApplicationTests$ModificarusuarioConcreto" time="0.127"/>
  <testcase name="ErrorAlobtenerUnUsuarios" classname="com.ms1.gestionUsuarios.GestionUsuariosApplicationTests$usuarioConcreto" time="0.125"/>
  <testcase name="modificarUsuarioInexistente" classname="com.ms1.gestionUsuarios.GestionUsuariosApplicationTests$ModificarusuarioConcreto" time="0.204"/>
  <testcase name="obtenerUnUsuarios" classname="com.ms1.gestionUsuarios.GestionUsuariosApplicationTests$ModificarusuarioConcreto" time="0.201"/>
  <testcase name="obtenerUnUsuarios" classname="com.ms1.gestionUsuarios.GestionUsuariosApplicationTests$usuarioConcreto" time="0.207"/>
  <testcase name="obtenerUnUsuariosNoExistente" classname="com.ms1.gestionUsuarios.GestionUsuariosApplicationTests$usuarioConcreto" time="0.19"/>
  <testcase name="UsuarioDuplicadoBD" classname="com.ms1.gestionUsuarios.GestionUsuariosApplicationTests$CrearusuarioUsuario" time="0.194"/>
  <testcase name="crearUnUsuarioCorrectamente" classname="com.ms1.gestionUsuarios.GestionUsuariosApplicationTests$CrearusuarioUsuario" time="0.141"/>
  <testcase name="ErrorAlobtenerTodosLosUsuarios" classname="com.ms1.gestionUsuarios.GestionUsuariosApplicationTests$CrearusuarioUsuario" time="0.063"/>
  <testcase name="ErrorAlobtenerTodosLosUsuarios" classname="com.ms1.gestionUsuarios.GestionUsuariosApplicationTests$usuarioUsuario" time="0.064"/>
  <testcase name="obtenerTodosLosUsuarios" classname="com.ms1.gestionUsuarios.GestionUsuariosApplicationTests$usuarioUsuario" time="0.131"/>
</testsuite>